===================
test12: NO LEAKS
Valgrind output: 
==10405== Memcheck, a memory error detector
==10405== Copyright (C) 2002-2022, and GNU GPL'd, by Julian Seward et al.
==10405== Using Valgrind-3.22.0 and LibVEX; rerun with -h for copyright info
==10405== Command: /home/112401021/cs2013_112401021/lab09/src/2/2
==10405== 
33 22 11 
True
False
Deleted
33 22 
22 33 
==10405== 
==10405== HEAP SUMMARY:
==10405==     in use at exit: 0 bytes in 0 blocks
==10405==   total heap usage: 5 allocs, 5 frees, 16,456 bytes allocated
==10405== 
==10405== All heap blocks were freed -- no leaks are possible
==10405== 
==10405== For lists of detected and suppressed errors, rerun with: -s
==10405== ERROR SUMMARY: 0 errors from 0 contexts (suppressed: 0 from 0)
===================

===================
test5: NO LEAKS
Valgrind output: 
==10410== Memcheck, a memory error detector
==10410== Copyright (C) 2002-2022, and GNU GPL'd, by Julian Seward et al.
==10410== Using Valgrind-3.22.0 and LibVEX; rerun with -h for copyright info
==10410== Command: /home/112401021/cs2013_112401021/lab09/src/2/2
==10410== 
True
Deleted
21 19 14 
==10410== 
==10410== HEAP SUMMARY:
==10410==     in use at exit: 0 bytes in 0 blocks
==10410==   total heap usage: 6 allocs, 6 frees, 16,480 bytes allocated
==10410== 
==10410== All heap blocks were freed -- no leaks are possible
==10410== 
==10410== For lists of detected and suppressed errors, rerun with: -s
==10410== ERROR SUMMARY: 0 errors from 0 contexts (suppressed: 0 from 0)
===================

===================
test9: NO LEAKS
Valgrind output: 
==10415== Memcheck, a memory error detector
==10415== Copyright (C) 2002-2022, and GNU GPL'd, by Julian Seward et al.
==10415== Using Valgrind-3.22.0 and LibVEX; rerun with -h for copyright info
==10415== Command: /home/112401021/cs2013_112401021/lab09/src/2/2
==10415== 
True
21 19 14 12 
12 14 19 21 
Deleted
12 19 21 
Deleted
100 12 21 
Failed
100 12 21 
==10415== 
==10415== HEAP SUMMARY:
==10415==     in use at exit: 0 bytes in 0 blocks
==10415==   total heap usage: 7 allocs, 7 frees, 16,504 bytes allocated
==10415== 
==10415== All heap blocks were freed -- no leaks are possible
==10415== 
==10415== For lists of detected and suppressed errors, rerun with: -s
==10415== ERROR SUMMARY: 0 errors from 0 contexts (suppressed: 0 from 0)
===================

===================
test7: NO LEAKS
Valgrind output: 
==10420== Memcheck, a memory error detector
==10420== Copyright (C) 2002-2022, and GNU GPL'd, by Julian Seward et al.
==10420== Using Valgrind-3.22.0 and LibVEX; rerun with -h for copyright info
==10420== Command: /home/112401021/cs2013_112401021/lab09/src/2/2
==10420== 
True
Deleted
21 19 12 
Deleted
21 12 
==10420== 
==10420== HEAP SUMMARY:
==10420==     in use at exit: 0 bytes in 0 blocks
==10420==   total heap usage: 6 allocs, 6 frees, 16,480 bytes allocated
==10420== 
==10420== All heap blocks were freed -- no leaks are possible
==10420== 
==10420== For lists of detected and suppressed errors, rerun with: -s
==10420== ERROR SUMMARY: 0 errors from 0 contexts (suppressed: 0 from 0)
===================

===================
test2: NO LEAKS
Valgrind output: 
==10425== Memcheck, a memory error detector
==10425== Copyright (C) 2002-2022, and GNU GPL'd, by Julian Seward et al.
==10425== Using Valgrind-3.22.0 and LibVEX; rerun with -h for copyright info
==10425== Command: /home/112401021/cs2013_112401021/lab09/src/2/2
==10425== 
13 12 
==10425== 
==10425== HEAP SUMMARY:
==10425==     in use at exit: 0 bytes in 0 blocks
==10425==   total heap usage: 4 allocs, 4 frees, 16,432 bytes allocated
==10425== 
==10425== All heap blocks were freed -- no leaks are possible
==10425== 
==10425== For lists of detected and suppressed errors, rerun with: -s
==10425== ERROR SUMMARY: 0 errors from 0 contexts (suppressed: 0 from 0)
===================

===================
test8: NO LEAKS
Valgrind output: 
==10430== Memcheck, a memory error detector
==10430== Copyright (C) 2002-2022, and GNU GPL'd, by Julian Seward et al.
==10430== Using Valgrind-3.22.0 and LibVEX; rerun with -h for copyright info
==10430== Command: /home/112401021/cs2013_112401021/lab09/src/2/2
==10430== 
True
Deleted
21 19 12 
Deleted
100 21 12 
Failed
100 21 12 
==10430== 
==10430== HEAP SUMMARY:
==10430==     in use at exit: 0 bytes in 0 blocks
==10430==   total heap usage: 7 allocs, 7 frees, 16,504 bytes allocated
==10430== 
==10430== All heap blocks were freed -- no leaks are possible
==10430== 
==10430== For lists of detected and suppressed errors, rerun with: -s
==10430== ERROR SUMMARY: 0 errors from 0 contexts (suppressed: 0 from 0)
===================

===================
test13: NO LEAKS
Valgrind output: 
==10435== Memcheck, a memory error detector
==10435== Copyright (C) 2002-2022, and GNU GPL'd, by Julian Seward et al.
==10435== Using Valgrind-3.22.0 and LibVEX; rerun with -h for copyright info
==10435== Command: /home/112401021/cs2013_112401021/lab09/src/2/2
==10435== 
-1
False
Failed
Deleted
-1
==10435== 
==10435== HEAP SUMMARY:
==10435==     in use at exit: 0 bytes in 0 blocks
==10435==   total heap usage: 3 allocs, 3 frees, 16,408 bytes allocated
==10435== 
==10435== All heap blocks were freed -- no leaks are possible
==10435== 
==10435== For lists of detected and suppressed errors, rerun with: -s
==10435== ERROR SUMMARY: 0 errors from 0 contexts (suppressed: 0 from 0)
===================

===================
test11: NO LEAKS
Valgrind output: 
==10440== Memcheck, a memory error detector
==10440== Copyright (C) 2002-2022, and GNU GPL'd, by Julian Seward et al.
==10440== Using Valgrind-3.22.0 and LibVEX; rerun with -h for copyright info
==10440== Command: /home/112401021/cs2013_112401021/lab09/src/2/2
==10440== 
7 
==10440== 
==10440== HEAP SUMMARY:
==10440==     in use at exit: 0 bytes in 0 blocks
==10440==   total heap usage: 3 allocs, 3 frees, 16,408 bytes allocated
==10440== 
==10440== All heap blocks were freed -- no leaks are possible
==10440== 
==10440== For lists of detected and suppressed errors, rerun with: -s
==10440== ERROR SUMMARY: 0 errors from 0 contexts (suppressed: 0 from 0)
===================

===================
test6: NO LEAKS
Valgrind output: 
==10445== Memcheck, a memory error detector
==10445== Copyright (C) 2002-2022, and GNU GPL'd, by Julian Seward et al.
==10445== Using Valgrind-3.22.0 and LibVEX; rerun with -h for copyright info
==10445== Command: /home/112401021/cs2013_112401021/lab09/src/2/2
==10445== 
True
Deleted
21 19 12 
==10445== 
==10445== HEAP SUMMARY:
==10445==     in use at exit: 0 bytes in 0 blocks
==10445==   total heap usage: 6 allocs, 6 frees, 16,480 bytes allocated
==10445== 
==10445== All heap blocks were freed -- no leaks are possible
==10445== 
==10445== For lists of detected and suppressed errors, rerun with: -s
==10445== ERROR SUMMARY: 0 errors from 0 contexts (suppressed: 0 from 0)
===================

===================
test1: NO LEAKS
Valgrind output: 
==10450== Memcheck, a memory error detector
==10450== Copyright (C) 2002-2022, and GNU GPL'd, by Julian Seward et al.
==10450== Using Valgrind-3.22.0 and LibVEX; rerun with -h for copyright info
==10450== Command: /home/112401021/cs2013_112401021/lab09/src/2/2
==10450== 
12 
==10450== 
==10450== HEAP SUMMARY:
==10450==     in use at exit: 0 bytes in 0 blocks
==10450==   total heap usage: 3 allocs, 3 frees, 16,408 bytes allocated
==10450== 
==10450== All heap blocks were freed -- no leaks are possible
==10450== 
==10450== For lists of detected and suppressed errors, rerun with: -s
==10450== ERROR SUMMARY: 0 errors from 0 contexts (suppressed: 0 from 0)
===================

===================
test10: NO LEAKS
Valgrind output: 
==10455== Memcheck, a memory error detector
==10455== Copyright (C) 2002-2022, and GNU GPL'd, by Julian Seward et al.
==10455== Using Valgrind-3.22.0 and LibVEX; rerun with -h for copyright info
==10455== Command: /home/112401021/cs2013_112401021/lab09/src/2/2
==10455== 
True
21 19 14 12 
12 14 19 21 
Deleted
21 19 12 
Deleted
100 21 12 
Failed
100 21 12 
==10455== 
==10455== HEAP SUMMARY:
==10455==     in use at exit: 0 bytes in 0 blocks
==10455==   total heap usage: 7 allocs, 7 frees, 16,504 bytes allocated
==10455== 
==10455== All heap blocks were freed -- no leaks are possible
==10455== 
==10455== For lists of detected and suppressed errors, rerun with: -s
==10455== ERROR SUMMARY: 0 errors from 0 contexts (suppressed: 0 from 0)
===================

===================
test4: NO LEAKS
Valgrind output: 
==10460== Memcheck, a memory error detector
==10460== Copyright (C) 2002-2022, and GNU GPL'd, by Julian Seward et al.
==10460== Using Valgrind-3.22.0 and LibVEX; rerun with -h for copyright info
==10460== Command: /home/112401021/cs2013_112401021/lab09/src/2/2
==10460== 
True
21 19 14 12 
==10460== 
==10460== HEAP SUMMARY:
==10460==     in use at exit: 0 bytes in 0 blocks
==10460==   total heap usage: 6 allocs, 6 frees, 16,480 bytes allocated
==10460== 
==10460== All heap blocks were freed -- no leaks are possible
==10460== 
==10460== For lists of detected and suppressed errors, rerun with: -s
==10460== ERROR SUMMARY: 0 errors from 0 contexts (suppressed: 0 from 0)
===================

===================
test3: NO LEAKS
Valgrind output: 
==10465== Memcheck, a memory error detector
==10465== Copyright (C) 2002-2022, and GNU GPL'd, by Julian Seward et al.
==10465== Using Valgrind-3.22.0 and LibVEX; rerun with -h for copyright info
==10465== Command: /home/112401021/cs2013_112401021/lab09/src/2/2
==10465== 
21 19 14 12 
==10465== 
==10465== HEAP SUMMARY:
==10465==     in use at exit: 0 bytes in 0 blocks
==10465==   total heap usage: 6 allocs, 6 frees, 16,480 bytes allocated
==10465== 
==10465== All heap blocks were freed -- no leaks are possible
==10465== 
==10465== For lists of detected and suppressed errors, rerun with: -s
==10465== ERROR SUMMARY: 0 errors from 0 contexts (suppressed: 0 from 0)
===================

++++++++++++++++++++++
TESTS_SHOWING_LEAK: 13
TESTS_WITH_NO_LEAK: 0
++++++++++++++++++++++

