===================
test12: PASSED
Given input
1 2
3 4
Got output: 
-2.0000 1.0000
1.5000 -0.5000
===================

===================
test5: PASSED
Given input
8 1
7 3
Got output: 
0.1765 -0.0588
-0.4118 0.4706
===================

===================
test9: PASSED
Given input
7 4
2 9
Got output: 
0.1636 -0.0727
-0.0364 0.1273
===================

===================
test7: PASSED
Given input
9 2
3 7
Got output: 
0.1228 -0.0351
-0.0526 0.1579
===================

===================
test14: PASSED
Given input
2 4
1 2
Got output: 
NOT INVERTIBLE
===================

===================
test2: PASSED
Given input
0 3
4 8
Got output: 
-0.6667 0.2500
0.3333 -0.0000
===================

===================
test8: PASSED
Given input
6 5
1 8
Got output: 
0.1860 -0.1163
-0.0233 0.1395
===================

===================
test13: PASSED
Given input
0 1
1 0
Got output: 
-0.0000 1.0000
1.0000 -0.0000
===================

===================
test11: PASSED
Given input
10 20
5 15
Got output: 
0.3000 -0.4000
-0.1000 0.2000
===================

===================
test6: PASSED
Given input
4 6
5 0
Got output: 
-0.0000 0.2000
0.1667 -0.1333
===================

===================
test1: PASSED
Given input
2 7
1 5
Got output: 
1.6667 -2.3333
-0.3333 0.6667
===================

===================
test10: FAILED
Given input
2 0
0 5
Expected output: 
0.5000 -0.0000
-0.0000 0.2000
Got output: 
0.5000 0.0000 
0.0000 0.2000 
===================

===================
test4: PASSED
Given input
3 6
2 4
Got output: 
NOT INVERTIBLE
===================

===================
test3: PASSED
Given input
5 2
6 1
Got output: 
-0.1429 0.2857
0.8571 -0.7143
===================


+++++++++++++++++++
TESTS_PASSED: 13
TESTS_FAILED: 1
+++++++++++++++++++

