===================
test5: NO LEAKS
Valgrind output: 
==13873== Memcheck, a memory error detector
==13873== Copyright (C) 2002-2022, and GNU GPL'd, by Julian Seward et al.
==13873== Using Valgrind-3.22.0 and LibVEX; rerun with -h for copyright info
==13873== Command: /home/112401021/system-files/lab10/src/4/4
==13873== 
==13873== Conditional jump or move depends on uninitialised value(s)
==13873==    at 0x400CC3: grow (in /home/112401021/system-files/lab10/src/4/4)
==13873==    by 0x400F74: insert (in /home/112401021/system-files/lab10/src/4/4)
==13873==    by 0x400C85: read (in /home/112401021/system-files/lab10/src/4/4)
==13873==    by 0x40101E: main (in /home/112401021/system-files/lab10/src/4/4)
==13873== 
==13873== Conditional jump or move depends on uninitialised value(s)
==13873==    at 0x400FC8: insert (in /home/112401021/system-files/lab10/src/4/4)
==13873==    by 0x400C85: read (in /home/112401021/system-files/lab10/src/4/4)
==13873==    by 0x40101E: main (in /home/112401021/system-files/lab10/src/4/4)
==13873== 
==13873== Conditional jump or move depends on uninitialised value(s)
==13873==    at 0x400E0D: update (in /home/112401021/system-files/lab10/src/4/4)
==13873==    by 0x400FEE: insert (in /home/112401021/system-files/lab10/src/4/4)
==13873==    by 0x400C85: read (in /home/112401021/system-files/lab10/src/4/4)
==13873==    by 0x40101E: main (in /home/112401021/system-files/lab10/src/4/4)
==13873== 
==13873== Conditional jump or move depends on uninitialised value(s)
==13873==    at 0x400D00: grow (in /home/112401021/system-files/lab10/src/4/4)
==13873==    by 0x400F74: insert (in /home/112401021/system-files/lab10/src/4/4)
==13873==    by 0x400C85: read (in /home/112401021/system-files/lab10/src/4/4)
==13873==    by 0x40101E: main (in /home/112401021/system-files/lab10/src/4/4)
==13873== 
==13873== Use of uninitialised value of size 8
==13873==    at 0x400FBA: insert (in /home/112401021/system-files/lab10/src/4/4)
==13873==    by 0x400C85: read (in /home/112401021/system-files/lab10/src/4/4)
==13873==    by 0x40101E: main (in /home/112401021/system-files/lab10/src/4/4)
==13873== 
==13873== Use of uninitialised value of size 8
==13873==    at 0x400FBC: insert (in /home/112401021/system-files/lab10/src/4/4)
==13873==    by 0x400C85: read (in /home/112401021/system-files/lab10/src/4/4)
==13873==    by 0x40101E: main (in /home/112401021/system-files/lab10/src/4/4)
==13873== 
==13873== Conditional jump or move depends on uninitialised value(s)
==13873==    at 0x400CC3: grow (in /home/112401021/system-files/lab10/src/4/4)
==13873==    by 0x400F74: insert (in /home/112401021/system-files/lab10/src/4/4)
==13873==    by 0x400C85: read (in /home/112401021/system-files/lab10/src/4/4)
==13873==    by 0x401044: main (in /home/112401021/system-files/lab10/src/4/4)
==13873== 
==13873== Conditional jump or move depends on uninitialised value(s)
==13873==    at 0x400FC8: insert (in /home/112401021/system-files/lab10/src/4/4)
==13873==    by 0x400C85: read (in /home/112401021/system-files/lab10/src/4/4)
==13873==    by 0x401044: main (in /home/112401021/system-files/lab10/src/4/4)
==13873== 
==13873== Conditional jump or move depends on uninitialised value(s)
==13873==    at 0x400E0D: update (in /home/112401021/system-files/lab10/src/4/4)
==13873==    by 0x400FEE: insert (in /home/112401021/system-files/lab10/src/4/4)
==13873==    by 0x400C85: read (in /home/112401021/system-files/lab10/src/4/4)
==13873==    by 0x401044: main (in /home/112401021/system-files/lab10/src/4/4)
==13873== 
==13873== Conditional jump or move depends on uninitialised value(s)
==13873==    at 0x400D00: grow (in /home/112401021/system-files/lab10/src/4/4)
==13873==    by 0x400F74: insert (in /home/112401021/system-files/lab10/src/4/4)
==13873==    by 0x400C85: read (in /home/112401021/system-files/lab10/src/4/4)
==13873==    by 0x401044: main (in /home/112401021/system-files/lab10/src/4/4)
==13873== 
==13873== Use of uninitialised value of size 8
==13873==    at 0x400FBA: insert (in /home/112401021/system-files/lab10/src/4/4)
==13873==    by 0x400C85: read (in /home/112401021/system-files/lab10/src/4/4)
==13873==    by 0x401044: main (in /home/112401021/system-files/lab10/src/4/4)
==13873== 
==13873== Use of uninitialised value of size 8
==13873==    at 0x400FBC: insert (in /home/112401021/system-files/lab10/src/4/4)
==13873==    by 0x400C85: read (in /home/112401021/system-files/lab10/src/4/4)
==13873==    by 0x401044: main (in /home/112401021/system-files/lab10/src/4/4)
==13873== 
==13873== Conditional jump or move depends on uninitialised value(s)
==13873==    at 0x400833: equal (in /home/112401021/system-files/lab10/src/4/4)
==13873==    by 0x4008BE: add (in /home/112401021/system-files/lab10/src/4/4)
==13873==    by 0x401057: main (in /home/112401021/system-files/lab10/src/4/4)
==13873== 
==13873== Conditional jump or move depends on uninitialised value(s)
==13873==    at 0x400893: equal (in /home/112401021/system-files/lab10/src/4/4)
==13873==    by 0x4008BE: add (in /home/112401021/system-files/lab10/src/4/4)
==13873==    by 0x401057: main (in /home/112401021/system-files/lab10/src/4/4)
==13873== 
==13873== Conditional jump or move depends on uninitialised value(s)
==13873==    at 0x4009B4: add (in /home/112401021/system-files/lab10/src/4/4)
==13873==    by 0x401057: main (in /home/112401021/system-files/lab10/src/4/4)
==13873== 
==13873== Conditional jump or move depends on uninitialised value(s)
==13873==    at 0x400CC3: grow (in /home/112401021/system-files/lab10/src/4/4)
==13873==    by 0x400F16: append (in /home/112401021/system-files/lab10/src/4/4)
==13873==    by 0x400981: add (in /home/112401021/system-files/lab10/src/4/4)
==13873==    by 0x401057: main (in /home/112401021/system-files/lab10/src/4/4)
==13873== 
==13873== Use of uninitialised value of size 8
==13873==    at 0x400F3D: append (in /home/112401021/system-files/lab10/src/4/4)
==13873==    by 0x400981: add (in /home/112401021/system-files/lab10/src/4/4)
==13873==    by 0x401057: main (in /home/112401021/system-files/lab10/src/4/4)
==13873== 
==13873== Conditional jump or move depends on uninitialised value(s)
==13873==    at 0x400D00: grow (in /home/112401021/system-files/lab10/src/4/4)
==13873==    by 0x400F16: append (in /home/112401021/system-files/lab10/src/4/4)
==13873==    by 0x400981: add (in /home/112401021/system-files/lab10/src/4/4)
==13873==    by 0x401057: main (in /home/112401021/system-files/lab10/src/4/4)
==13873== 
==13873== Conditional jump or move depends on uninitialised value(s)
==13873==    at 0x400D00: grow (in /home/112401021/system-files/lab10/src/4/4)
==13873==    by 0x400F16: append (in /home/112401021/system-files/lab10/src/4/4)
==13873==    by 0x4009D3: add (in /home/112401021/system-files/lab10/src/4/4)
==13873==    by 0x401057: main (in /home/112401021/system-files/lab10/src/4/4)
==13873== 
==13873== Use of uninitialised value of size 8
==13873==    at 0x400F3D: append (in /home/112401021/system-files/lab10/src/4/4)
==13873==    by 0x4009D3: add (in /home/112401021/system-files/lab10/src/4/4)
==13873==    by 0x401057: main (in /home/112401021/system-files/lab10/src/4/4)
==13873== 
==13873== Conditional jump or move depends on uninitialised value(s)
==13873==    at 0x400C0A: print (in /home/112401021/system-files/lab10/src/4/4)
==13873==    by 0x401067: main (in /home/112401021/system-files/lab10/src/4/4)
==13873== 
==13873== Conditional jump or move depends on uninitialised value(s)
==13873==    at 0x400BAA: print (in /home/112401021/system-files/lab10/src/4/4)
==13873==    by 0x401067: main (in /home/112401021/system-files/lab10/src/4/4)
==13873== 
==13873== Use of uninitialised value of size 8
==13873==    at 0x400BC3: print (in /home/112401021/system-files/lab10/src/4/4)
==13873==    by 0x401067: main (in /home/112401021/system-files/lab10/src/4/4)
==13873== 
==13873== Use of uninitialised value of size 8
==13873==    at 0x400BEF: print (in /home/112401021/system-files/lab10/src/4/4)
==13873==    by 0x401067: main (in /home/112401021/system-files/lab10/src/4/4)
==13873== 
1999999999999999999999999998
==13873== 
==13873== HEAP SUMMARY:
==13873==     in use at exit: 0 bytes in 0 blocks
==13873==   total heap usage: 17 allocs, 17 frees, 16,564 bytes allocated
==13873== 
==13873== All heap blocks were freed -- no leaks are possible
==13873== 
==13873== Use --track-origins=yes to see where uninitialised values come from
==13873== For lists of detected and suppressed errors, rerun with: -s
==13873== ERROR SUMMARY: 66 errors from 24 contexts (suppressed: 0 from 0)
===================

===================
test9: NO LEAKS
Valgrind output: 
==13879== Memcheck, a memory error detector
==13879== Copyright (C) 2002-2022, and GNU GPL'd, by Julian Seward et al.
==13879== Using Valgrind-3.22.0 and LibVEX; rerun with -h for copyright info
==13879== Command: /home/112401021/system-files/lab10/src/4/4
==13879== 
==13879== Conditional jump or move depends on uninitialised value(s)
==13879==    at 0x400CC3: grow (in /home/112401021/system-files/lab10/src/4/4)
==13879==    by 0x400F74: insert (in /home/112401021/system-files/lab10/src/4/4)
==13879==    by 0x400C85: read (in /home/112401021/system-files/lab10/src/4/4)
==13879==    by 0x40101E: main (in /home/112401021/system-files/lab10/src/4/4)
==13879== 
==13879== Conditional jump or move depends on uninitialised value(s)
==13879==    at 0x400FC8: insert (in /home/112401021/system-files/lab10/src/4/4)
==13879==    by 0x400C85: read (in /home/112401021/system-files/lab10/src/4/4)
==13879==    by 0x40101E: main (in /home/112401021/system-files/lab10/src/4/4)
==13879== 
==13879== Conditional jump or move depends on uninitialised value(s)
==13879==    at 0x400E0D: update (in /home/112401021/system-files/lab10/src/4/4)
==13879==    by 0x400FEE: insert (in /home/112401021/system-files/lab10/src/4/4)
==13879==    by 0x400C85: read (in /home/112401021/system-files/lab10/src/4/4)
==13879==    by 0x40101E: main (in /home/112401021/system-files/lab10/src/4/4)
==13879== 
==13879== Conditional jump or move depends on uninitialised value(s)
==13879==    at 0x400D00: grow (in /home/112401021/system-files/lab10/src/4/4)
==13879==    by 0x400F74: insert (in /home/112401021/system-files/lab10/src/4/4)
==13879==    by 0x400C85: read (in /home/112401021/system-files/lab10/src/4/4)
==13879==    by 0x40101E: main (in /home/112401021/system-files/lab10/src/4/4)
==13879== 
==13879== Use of uninitialised value of size 8
==13879==    at 0x400FBA: insert (in /home/112401021/system-files/lab10/src/4/4)
==13879==    by 0x400C85: read (in /home/112401021/system-files/lab10/src/4/4)
==13879==    by 0x40101E: main (in /home/112401021/system-files/lab10/src/4/4)
==13879== 
==13879== Use of uninitialised value of size 8
==13879==    at 0x400FBC: insert (in /home/112401021/system-files/lab10/src/4/4)
==13879==    by 0x400C85: read (in /home/112401021/system-files/lab10/src/4/4)
==13879==    by 0x40101E: main (in /home/112401021/system-files/lab10/src/4/4)
==13879== 
==13879== Conditional jump or move depends on uninitialised value(s)
==13879==    at 0x400CC3: grow (in /home/112401021/system-files/lab10/src/4/4)
==13879==    by 0x400F74: insert (in /home/112401021/system-files/lab10/src/4/4)
==13879==    by 0x400C85: read (in /home/112401021/system-files/lab10/src/4/4)
==13879==    by 0x401044: main (in /home/112401021/system-files/lab10/src/4/4)
==13879== 
==13879== Conditional jump or move depends on uninitialised value(s)
==13879==    at 0x400FC8: insert (in /home/112401021/system-files/lab10/src/4/4)
==13879==    by 0x400C85: read (in /home/112401021/system-files/lab10/src/4/4)
==13879==    by 0x401044: main (in /home/112401021/system-files/lab10/src/4/4)
==13879== 
==13879== Conditional jump or move depends on uninitialised value(s)
==13879==    at 0x400E0D: update (in /home/112401021/system-files/lab10/src/4/4)
==13879==    by 0x400FEE: insert (in /home/112401021/system-files/lab10/src/4/4)
==13879==    by 0x400C85: read (in /home/112401021/system-files/lab10/src/4/4)
==13879==    by 0x401044: main (in /home/112401021/system-files/lab10/src/4/4)
==13879== 
==13879== Conditional jump or move depends on uninitialised value(s)
==13879==    at 0x400D00: grow (in /home/112401021/system-files/lab10/src/4/4)
==13879==    by 0x400F74: insert (in /home/112401021/system-files/lab10/src/4/4)
==13879==    by 0x400C85: read (in /home/112401021/system-files/lab10/src/4/4)
==13879==    by 0x401044: main (in /home/112401021/system-files/lab10/src/4/4)
==13879== 
==13879== Use of uninitialised value of size 8
==13879==    at 0x400FBA: insert (in /home/112401021/system-files/lab10/src/4/4)
==13879==    by 0x400C85: read (in /home/112401021/system-files/lab10/src/4/4)
==13879==    by 0x401044: main (in /home/112401021/system-files/lab10/src/4/4)
==13879== 
==13879== Use of uninitialised value of size 8
==13879==    at 0x400FBC: insert (in /home/112401021/system-files/lab10/src/4/4)
==13879==    by 0x400C85: read (in /home/112401021/system-files/lab10/src/4/4)
==13879==    by 0x401044: main (in /home/112401021/system-files/lab10/src/4/4)
==13879== 
==13879== Conditional jump or move depends on uninitialised value(s)
==13879==    at 0x400833: equal (in /home/112401021/system-files/lab10/src/4/4)
==13879==    by 0x4008BE: add (in /home/112401021/system-files/lab10/src/4/4)
==13879==    by 0x401057: main (in /home/112401021/system-files/lab10/src/4/4)
==13879== 
==13879== Conditional jump or move depends on uninitialised value(s)
==13879==    at 0x400893: equal (in /home/112401021/system-files/lab10/src/4/4)
==13879==    by 0x4008BE: add (in /home/112401021/system-files/lab10/src/4/4)
==13879==    by 0x401057: main (in /home/112401021/system-files/lab10/src/4/4)
==13879== 
==13879== Conditional jump or move depends on uninitialised value(s)
==13879==    at 0x400A0D: add (in /home/112401021/system-files/lab10/src/4/4)
==13879==    by 0x401057: main (in /home/112401021/system-files/lab10/src/4/4)
==13879== 
==13879== Conditional jump or move depends on uninitialised value(s)
==13879==    at 0x400B3C: add (in /home/112401021/system-files/lab10/src/4/4)
==13879==    by 0x401057: main (in /home/112401021/system-files/lab10/src/4/4)
==13879== 
==13879== Conditional jump or move depends on uninitialised value(s)
==13879==    at 0x400A4B: add (in /home/112401021/system-files/lab10/src/4/4)
==13879==    by 0x401057: main (in /home/112401021/system-files/lab10/src/4/4)
==13879== 
==13879== Conditional jump or move depends on uninitialised value(s)
==13879==    at 0x400A83: add (in /home/112401021/system-files/lab10/src/4/4)
==13879==    by 0x401057: main (in /home/112401021/system-files/lab10/src/4/4)
==13879== 
==13879== Conditional jump or move depends on uninitialised value(s)
==13879==    at 0x400CC3: grow (in /home/112401021/system-files/lab10/src/4/4)
==13879==    by 0x400F16: append (in /home/112401021/system-files/lab10/src/4/4)
==13879==    by 0x400B09: add (in /home/112401021/system-files/lab10/src/4/4)
==13879==    by 0x401057: main (in /home/112401021/system-files/lab10/src/4/4)
==13879== 
==13879== Use of uninitialised value of size 8
==13879==    at 0x400F3D: append (in /home/112401021/system-files/lab10/src/4/4)
==13879==    by 0x400B09: add (in /home/112401021/system-files/lab10/src/4/4)
==13879==    by 0x401057: main (in /home/112401021/system-files/lab10/src/4/4)
==13879== 
==13879== Conditional jump or move depends on uninitialised value(s)
==13879==    at 0x400D00: grow (in /home/112401021/system-files/lab10/src/4/4)
==13879==    by 0x400F16: append (in /home/112401021/system-files/lab10/src/4/4)
==13879==    by 0x400B09: add (in /home/112401021/system-files/lab10/src/4/4)
==13879==    by 0x401057: main (in /home/112401021/system-files/lab10/src/4/4)
==13879== 
==13879== Conditional jump or move depends on uninitialised value(s)
==13879==    at 0x400D00: grow (in /home/112401021/system-files/lab10/src/4/4)
==13879==    by 0x400F16: append (in /home/112401021/system-files/lab10/src/4/4)
==13879==    by 0x400B5B: add (in /home/112401021/system-files/lab10/src/4/4)
==13879==    by 0x401057: main (in /home/112401021/system-files/lab10/src/4/4)
==13879== 
==13879== Use of uninitialised value of size 8
==13879==    at 0x400F3D: append (in /home/112401021/system-files/lab10/src/4/4)
==13879==    by 0x400B5B: add (in /home/112401021/system-files/lab10/src/4/4)
==13879==    by 0x401057: main (in /home/112401021/system-files/lab10/src/4/4)
==13879== 
==13879== Conditional jump or move depends on uninitialised value(s)
==13879==    at 0x400C0A: print (in /home/112401021/system-files/lab10/src/4/4)
==13879==    by 0x401067: main (in /home/112401021/system-files/lab10/src/4/4)
==13879== 
==13879== Conditional jump or move depends on uninitialised value(s)
==13879==    at 0x400BAA: print (in /home/112401021/system-files/lab10/src/4/4)
==13879==    by 0x401067: main (in /home/112401021/system-files/lab10/src/4/4)
==13879== 
==13879== Use of uninitialised value of size 8
==13879==    at 0x400BC3: print (in /home/112401021/system-files/lab10/src/4/4)
==13879==    by 0x401067: main (in /home/112401021/system-files/lab10/src/4/4)
==13879== 
==13879== Use of uninitialised value of size 8
==13879==    at 0x400BEF: print (in /home/112401021/system-files/lab10/src/4/4)
==13879==    by 0x401067: main (in /home/112401021/system-files/lab10/src/4/4)
==13879== 
1999999999123456789098765432
==13879== 
==13879== HEAP SUMMARY:
==13879==     in use at exit: 0 bytes in 0 blocks
==13879==   total heap usage: 17 allocs, 17 frees, 16,564 bytes allocated
==13879== 
==13879== All heap blocks were freed -- no leaks are possible
==13879== 
==13879== Use --track-origins=yes to see where uninitialised values come from
==13879== For lists of detected and suppressed errors, rerun with: -s
==13879== ERROR SUMMARY: 70 errors from 27 contexts (suppressed: 0 from 0)
===================

===================
test7: NO LEAKS
Valgrind output: 
==13884== Memcheck, a memory error detector
==13884== Copyright (C) 2002-2022, and GNU GPL'd, by Julian Seward et al.
==13884== Using Valgrind-3.22.0 and LibVEX; rerun with -h for copyright info
==13884== Command: /home/112401021/system-files/lab10/src/4/4
==13884== 
==13884== Conditional jump or move depends on uninitialised value(s)
==13884==    at 0x400CC3: grow (in /home/112401021/system-files/lab10/src/4/4)
==13884==    by 0x400F74: insert (in /home/112401021/system-files/lab10/src/4/4)
==13884==    by 0x400C85: read (in /home/112401021/system-files/lab10/src/4/4)
==13884==    by 0x40101E: main (in /home/112401021/system-files/lab10/src/4/4)
==13884== 
==13884== Conditional jump or move depends on uninitialised value(s)
==13884==    at 0x400FC8: insert (in /home/112401021/system-files/lab10/src/4/4)
==13884==    by 0x400C85: read (in /home/112401021/system-files/lab10/src/4/4)
==13884==    by 0x40101E: main (in /home/112401021/system-files/lab10/src/4/4)
==13884== 
==13884== Conditional jump or move depends on uninitialised value(s)
==13884==    at 0x400E0D: update (in /home/112401021/system-files/lab10/src/4/4)
==13884==    by 0x400FEE: insert (in /home/112401021/system-files/lab10/src/4/4)
==13884==    by 0x400C85: read (in /home/112401021/system-files/lab10/src/4/4)
==13884==    by 0x40101E: main (in /home/112401021/system-files/lab10/src/4/4)
==13884== 
==13884== Conditional jump or move depends on uninitialised value(s)
==13884==    at 0x400D00: grow (in /home/112401021/system-files/lab10/src/4/4)
==13884==    by 0x400F74: insert (in /home/112401021/system-files/lab10/src/4/4)
==13884==    by 0x400C85: read (in /home/112401021/system-files/lab10/src/4/4)
==13884==    by 0x40101E: main (in /home/112401021/system-files/lab10/src/4/4)
==13884== 
==13884== Use of uninitialised value of size 8
==13884==    at 0x400FBA: insert (in /home/112401021/system-files/lab10/src/4/4)
==13884==    by 0x400C85: read (in /home/112401021/system-files/lab10/src/4/4)
==13884==    by 0x40101E: main (in /home/112401021/system-files/lab10/src/4/4)
==13884== 
==13884== Use of uninitialised value of size 8
==13884==    at 0x400FBC: insert (in /home/112401021/system-files/lab10/src/4/4)
==13884==    by 0x400C85: read (in /home/112401021/system-files/lab10/src/4/4)
==13884==    by 0x40101E: main (in /home/112401021/system-files/lab10/src/4/4)
==13884== 
==13884== Conditional jump or move depends on uninitialised value(s)
==13884==    at 0x400CC3: grow (in /home/112401021/system-files/lab10/src/4/4)
==13884==    by 0x400F74: insert (in /home/112401021/system-files/lab10/src/4/4)
==13884==    by 0x400C85: read (in /home/112401021/system-files/lab10/src/4/4)
==13884==    by 0x401044: main (in /home/112401021/system-files/lab10/src/4/4)
==13884== 
==13884== Conditional jump or move depends on uninitialised value(s)
==13884==    at 0x400FC8: insert (in /home/112401021/system-files/lab10/src/4/4)
==13884==    by 0x400C85: read (in /home/112401021/system-files/lab10/src/4/4)
==13884==    by 0x401044: main (in /home/112401021/system-files/lab10/src/4/4)
==13884== 
==13884== Conditional jump or move depends on uninitialised value(s)
==13884==    at 0x400E0D: update (in /home/112401021/system-files/lab10/src/4/4)
==13884==    by 0x400FEE: insert (in /home/112401021/system-files/lab10/src/4/4)
==13884==    by 0x400C85: read (in /home/112401021/system-files/lab10/src/4/4)
==13884==    by 0x401044: main (in /home/112401021/system-files/lab10/src/4/4)
==13884== 
==13884== Conditional jump or move depends on uninitialised value(s)
==13884==    at 0x400833: equal (in /home/112401021/system-files/lab10/src/4/4)
==13884==    by 0x4008BE: add (in /home/112401021/system-files/lab10/src/4/4)
==13884==    by 0x401057: main (in /home/112401021/system-files/lab10/src/4/4)
==13884== 
==13884== Conditional jump or move depends on uninitialised value(s)
==13884==    at 0x400A0D: add (in /home/112401021/system-files/lab10/src/4/4)
==13884==    by 0x401057: main (in /home/112401021/system-files/lab10/src/4/4)
==13884== 
==13884== Conditional jump or move depends on uninitialised value(s)
==13884==    at 0x400B3C: add (in /home/112401021/system-files/lab10/src/4/4)
==13884==    by 0x401057: main (in /home/112401021/system-files/lab10/src/4/4)
==13884== 
==13884== Conditional jump or move depends on uninitialised value(s)
==13884==    at 0x400A4B: add (in /home/112401021/system-files/lab10/src/4/4)
==13884==    by 0x401057: main (in /home/112401021/system-files/lab10/src/4/4)
==13884== 
==13884== Conditional jump or move depends on uninitialised value(s)
==13884==    at 0x400A83: add (in /home/112401021/system-files/lab10/src/4/4)
==13884==    by 0x401057: main (in /home/112401021/system-files/lab10/src/4/4)
==13884== 
==13884== Conditional jump or move depends on uninitialised value(s)
==13884==    at 0x400CC3: grow (in /home/112401021/system-files/lab10/src/4/4)
==13884==    by 0x400F16: append (in /home/112401021/system-files/lab10/src/4/4)
==13884==    by 0x400B09: add (in /home/112401021/system-files/lab10/src/4/4)
==13884==    by 0x401057: main (in /home/112401021/system-files/lab10/src/4/4)
==13884== 
==13884== Use of uninitialised value of size 8
==13884==    at 0x400F3D: append (in /home/112401021/system-files/lab10/src/4/4)
==13884==    by 0x400B09: add (in /home/112401021/system-files/lab10/src/4/4)
==13884==    by 0x401057: main (in /home/112401021/system-files/lab10/src/4/4)
==13884== 
==13884== Conditional jump or move depends on uninitialised value(s)
==13884==    at 0x400D00: grow (in /home/112401021/system-files/lab10/src/4/4)
==13884==    by 0x400F16: append (in /home/112401021/system-files/lab10/src/4/4)
==13884==    by 0x400B09: add (in /home/112401021/system-files/lab10/src/4/4)
==13884==    by 0x401057: main (in /home/112401021/system-files/lab10/src/4/4)
==13884== 
==13884== Conditional jump or move depends on uninitialised value(s)
==13884==    at 0x400C0A: print (in /home/112401021/system-files/lab10/src/4/4)
==13884==    by 0x401067: main (in /home/112401021/system-files/lab10/src/4/4)
==13884== 
==13884== Conditional jump or move depends on uninitialised value(s)
==13884==    at 0x400BAA: print (in /home/112401021/system-files/lab10/src/4/4)
==13884==    by 0x401067: main (in /home/112401021/system-files/lab10/src/4/4)
==13884== 
==13884== Use of uninitialised value of size 8
==13884==    at 0x400BC3: print (in /home/112401021/system-files/lab10/src/4/4)
==13884==    by 0x401067: main (in /home/112401021/system-files/lab10/src/4/4)
==13884== 
==13884== Use of uninitialised value of size 8
==13884==    at 0x400BEF: print (in /home/112401021/system-files/lab10/src/4/4)
==13884==    by 0x401067: main (in /home/112401021/system-files/lab10/src/4/4)
==13884== 
1000000002000000300000000400000000050100
==13884== 
==13884== HEAP SUMMARY:
==13884==     in use at exit: 0 bytes in 0 blocks
==13884==   total heap usage: 17 allocs, 17 frees, 16,604 bytes allocated
==13884== 
==13884== All heap blocks were freed -- no leaks are possible
==13884== 
==13884== Use --track-origins=yes to see where uninitialised values come from
==13884== For lists of detected and suppressed errors, rerun with: -s
==13884== ERROR SUMMARY: 92 errors from 21 contexts (suppressed: 0 from 0)
===================

===================
test2: NO LEAKS
Valgrind output: 
==13889== Memcheck, a memory error detector
==13889== Copyright (C) 2002-2022, and GNU GPL'd, by Julian Seward et al.
==13889== Using Valgrind-3.22.0 and LibVEX; rerun with -h for copyright info
==13889== Command: /home/112401021/system-files/lab10/src/4/4
==13889== 
==13889== Conditional jump or move depends on uninitialised value(s)
==13889==    at 0x400CC3: grow (in /home/112401021/system-files/lab10/src/4/4)
==13889==    by 0x400F74: insert (in /home/112401021/system-files/lab10/src/4/4)
==13889==    by 0x400C85: read (in /home/112401021/system-files/lab10/src/4/4)
==13889==    by 0x40101E: main (in /home/112401021/system-files/lab10/src/4/4)
==13889== 
==13889== Conditional jump or move depends on uninitialised value(s)
==13889==    at 0x400FC8: insert (in /home/112401021/system-files/lab10/src/4/4)
==13889==    by 0x400C85: read (in /home/112401021/system-files/lab10/src/4/4)
==13889==    by 0x40101E: main (in /home/112401021/system-files/lab10/src/4/4)
==13889== 
==13889== Conditional jump or move depends on uninitialised value(s)
==13889==    at 0x400E0D: update (in /home/112401021/system-files/lab10/src/4/4)
==13889==    by 0x400FEE: insert (in /home/112401021/system-files/lab10/src/4/4)
==13889==    by 0x400C85: read (in /home/112401021/system-files/lab10/src/4/4)
==13889==    by 0x40101E: main (in /home/112401021/system-files/lab10/src/4/4)
==13889== 
==13889== Conditional jump or move depends on uninitialised value(s)
==13889==    at 0x400D00: grow (in /home/112401021/system-files/lab10/src/4/4)
==13889==    by 0x400F74: insert (in /home/112401021/system-files/lab10/src/4/4)
==13889==    by 0x400C85: read (in /home/112401021/system-files/lab10/src/4/4)
==13889==    by 0x40101E: main (in /home/112401021/system-files/lab10/src/4/4)
==13889== 
==13889== Use of uninitialised value of size 8
==13889==    at 0x400FBA: insert (in /home/112401021/system-files/lab10/src/4/4)
==13889==    by 0x400C85: read (in /home/112401021/system-files/lab10/src/4/4)
==13889==    by 0x40101E: main (in /home/112401021/system-files/lab10/src/4/4)
==13889== 
==13889== Use of uninitialised value of size 8
==13889==    at 0x400FBC: insert (in /home/112401021/system-files/lab10/src/4/4)
==13889==    by 0x400C85: read (in /home/112401021/system-files/lab10/src/4/4)
==13889==    by 0x40101E: main (in /home/112401021/system-files/lab10/src/4/4)
==13889== 
==13889== Conditional jump or move depends on uninitialised value(s)
==13889==    at 0x400CC3: grow (in /home/112401021/system-files/lab10/src/4/4)
==13889==    by 0x400F74: insert (in /home/112401021/system-files/lab10/src/4/4)
==13889==    by 0x400C85: read (in /home/112401021/system-files/lab10/src/4/4)
==13889==    by 0x401044: main (in /home/112401021/system-files/lab10/src/4/4)
==13889== 
==13889== Conditional jump or move depends on uninitialised value(s)
==13889==    at 0x400FC8: insert (in /home/112401021/system-files/lab10/src/4/4)
==13889==    by 0x400C85: read (in /home/112401021/system-files/lab10/src/4/4)
==13889==    by 0x401044: main (in /home/112401021/system-files/lab10/src/4/4)
==13889== 
==13889== Conditional jump or move depends on uninitialised value(s)
==13889==    at 0x400E0D: update (in /home/112401021/system-files/lab10/src/4/4)
==13889==    by 0x400FEE: insert (in /home/112401021/system-files/lab10/src/4/4)
==13889==    by 0x400C85: read (in /home/112401021/system-files/lab10/src/4/4)
==13889==    by 0x401044: main (in /home/112401021/system-files/lab10/src/4/4)
==13889== 
==13889== Conditional jump or move depends on uninitialised value(s)
==13889==    at 0x400833: equal (in /home/112401021/system-files/lab10/src/4/4)
==13889==    by 0x4008BE: add (in /home/112401021/system-files/lab10/src/4/4)
==13889==    by 0x401057: main (in /home/112401021/system-files/lab10/src/4/4)
==13889== 
==13889== Conditional jump or move depends on uninitialised value(s)
==13889==    at 0x400A0D: add (in /home/112401021/system-files/lab10/src/4/4)
==13889==    by 0x401057: main (in /home/112401021/system-files/lab10/src/4/4)
==13889== 
==13889== Conditional jump or move depends on uninitialised value(s)
==13889==    at 0x400B3C: add (in /home/112401021/system-files/lab10/src/4/4)
==13889==    by 0x401057: main (in /home/112401021/system-files/lab10/src/4/4)
==13889== 
==13889== Conditional jump or move depends on uninitialised value(s)
==13889==    at 0x400A4B: add (in /home/112401021/system-files/lab10/src/4/4)
==13889==    by 0x401057: main (in /home/112401021/system-files/lab10/src/4/4)
==13889== 
==13889== Conditional jump or move depends on uninitialised value(s)
==13889==    at 0x400A83: add (in /home/112401021/system-files/lab10/src/4/4)
==13889==    by 0x401057: main (in /home/112401021/system-files/lab10/src/4/4)
==13889== 
==13889== Conditional jump or move depends on uninitialised value(s)
==13889==    at 0x400CC3: grow (in /home/112401021/system-files/lab10/src/4/4)
==13889==    by 0x400F16: append (in /home/112401021/system-files/lab10/src/4/4)
==13889==    by 0x400B09: add (in /home/112401021/system-files/lab10/src/4/4)
==13889==    by 0x401057: main (in /home/112401021/system-files/lab10/src/4/4)
==13889== 
==13889== Use of uninitialised value of size 8
==13889==    at 0x400F3D: append (in /home/112401021/system-files/lab10/src/4/4)
==13889==    by 0x400B09: add (in /home/112401021/system-files/lab10/src/4/4)
==13889==    by 0x401057: main (in /home/112401021/system-files/lab10/src/4/4)
==13889== 
==13889== Conditional jump or move depends on uninitialised value(s)
==13889==    at 0x400D00: grow (in /home/112401021/system-files/lab10/src/4/4)
==13889==    by 0x400F16: append (in /home/112401021/system-files/lab10/src/4/4)
==13889==    by 0x400B09: add (in /home/112401021/system-files/lab10/src/4/4)
==13889==    by 0x401057: main (in /home/112401021/system-files/lab10/src/4/4)
==13889== 
==13889== Conditional jump or move depends on uninitialised value(s)
==13889==    at 0x400D00: grow (in /home/112401021/system-files/lab10/src/4/4)
==13889==    by 0x400F16: append (in /home/112401021/system-files/lab10/src/4/4)
==13889==    by 0x400B5B: add (in /home/112401021/system-files/lab10/src/4/4)
==13889==    by 0x401057: main (in /home/112401021/system-files/lab10/src/4/4)
==13889== 
==13889== Use of uninitialised value of size 8
==13889==    at 0x400F3D: append (in /home/112401021/system-files/lab10/src/4/4)
==13889==    by 0x400B5B: add (in /home/112401021/system-files/lab10/src/4/4)
==13889==    by 0x401057: main (in /home/112401021/system-files/lab10/src/4/4)
==13889== 
==13889== Conditional jump or move depends on uninitialised value(s)
==13889==    at 0x400C0A: print (in /home/112401021/system-files/lab10/src/4/4)
==13889==    by 0x401067: main (in /home/112401021/system-files/lab10/src/4/4)
==13889== 
==13889== Conditional jump or move depends on uninitialised value(s)
==13889==    at 0x400BAA: print (in /home/112401021/system-files/lab10/src/4/4)
==13889==    by 0x401067: main (in /home/112401021/system-files/lab10/src/4/4)
==13889== 
==13889== Use of uninitialised value of size 8
==13889==    at 0x400BC3: print (in /home/112401021/system-files/lab10/src/4/4)
==13889==    by 0x401067: main (in /home/112401021/system-files/lab10/src/4/4)
==13889== 
==13889== Use of uninitialised value of size 8
==13889==    at 0x400BEF: print (in /home/112401021/system-files/lab10/src/4/4)
==13889==    by 0x401067: main (in /home/112401021/system-files/lab10/src/4/4)
==13889== 
1000000000000000000000000000
==13889== 
==13889== HEAP SUMMARY:
==13889==     in use at exit: 0 bytes in 0 blocks
==13889==   total heap usage: 15 allocs, 15 frees, 16,540 bytes allocated
==13889== 
==13889== All heap blocks were freed -- no leaks are possible
==13889== 
==13889== Use --track-origins=yes to see where uninitialised values come from
==13889== For lists of detected and suppressed errors, rerun with: -s
==13889== ERROR SUMMARY: 54 errors from 23 contexts (suppressed: 0 from 0)
===================

===================
test8: NO LEAKS
Valgrind output: 
==13894== Memcheck, a memory error detector
==13894== Copyright (C) 2002-2022, and GNU GPL'd, by Julian Seward et al.
==13894== Using Valgrind-3.22.0 and LibVEX; rerun with -h for copyright info
==13894== Command: /home/112401021/system-files/lab10/src/4/4
==13894== 
==13894== Conditional jump or move depends on uninitialised value(s)
==13894==    at 0x400CC3: grow (in /home/112401021/system-files/lab10/src/4/4)
==13894==    by 0x400F74: insert (in /home/112401021/system-files/lab10/src/4/4)
==13894==    by 0x400C85: read (in /home/112401021/system-files/lab10/src/4/4)
==13894==    by 0x40101E: main (in /home/112401021/system-files/lab10/src/4/4)
==13894== 
==13894== Conditional jump or move depends on uninitialised value(s)
==13894==    at 0x400FC8: insert (in /home/112401021/system-files/lab10/src/4/4)
==13894==    by 0x400C85: read (in /home/112401021/system-files/lab10/src/4/4)
==13894==    by 0x40101E: main (in /home/112401021/system-files/lab10/src/4/4)
==13894== 
==13894== Conditional jump or move depends on uninitialised value(s)
==13894==    at 0x400E0D: update (in /home/112401021/system-files/lab10/src/4/4)
==13894==    by 0x400FEE: insert (in /home/112401021/system-files/lab10/src/4/4)
==13894==    by 0x400C85: read (in /home/112401021/system-files/lab10/src/4/4)
==13894==    by 0x40101E: main (in /home/112401021/system-files/lab10/src/4/4)
==13894== 
==13894== Conditional jump or move depends on uninitialised value(s)
==13894==    at 0x400D00: grow (in /home/112401021/system-files/lab10/src/4/4)
==13894==    by 0x400F74: insert (in /home/112401021/system-files/lab10/src/4/4)
==13894==    by 0x400C85: read (in /home/112401021/system-files/lab10/src/4/4)
==13894==    by 0x40101E: main (in /home/112401021/system-files/lab10/src/4/4)
==13894== 
==13894== Use of uninitialised value of size 8
==13894==    at 0x400FBA: insert (in /home/112401021/system-files/lab10/src/4/4)
==13894==    by 0x400C85: read (in /home/112401021/system-files/lab10/src/4/4)
==13894==    by 0x40101E: main (in /home/112401021/system-files/lab10/src/4/4)
==13894== 
==13894== Use of uninitialised value of size 8
==13894==    at 0x400FBC: insert (in /home/112401021/system-files/lab10/src/4/4)
==13894==    by 0x400C85: read (in /home/112401021/system-files/lab10/src/4/4)
==13894==    by 0x40101E: main (in /home/112401021/system-files/lab10/src/4/4)
==13894== 
==13894== Conditional jump or move depends on uninitialised value(s)
==13894==    at 0x400CC3: grow (in /home/112401021/system-files/lab10/src/4/4)
==13894==    by 0x400F74: insert (in /home/112401021/system-files/lab10/src/4/4)
==13894==    by 0x400C85: read (in /home/112401021/system-files/lab10/src/4/4)
==13894==    by 0x401044: main (in /home/112401021/system-files/lab10/src/4/4)
==13894== 
==13894== Conditional jump or move depends on uninitialised value(s)
==13894==    at 0x400FC8: insert (in /home/112401021/system-files/lab10/src/4/4)
==13894==    by 0x400C85: read (in /home/112401021/system-files/lab10/src/4/4)
==13894==    by 0x401044: main (in /home/112401021/system-files/lab10/src/4/4)
==13894== 
==13894== Conditional jump or move depends on uninitialised value(s)
==13894==    at 0x400E0D: update (in /home/112401021/system-files/lab10/src/4/4)
==13894==    by 0x400FEE: insert (in /home/112401021/system-files/lab10/src/4/4)
==13894==    by 0x400C85: read (in /home/112401021/system-files/lab10/src/4/4)
==13894==    by 0x401044: main (in /home/112401021/system-files/lab10/src/4/4)
==13894== 
==13894== Conditional jump or move depends on uninitialised value(s)
==13894==    at 0x400D00: grow (in /home/112401021/system-files/lab10/src/4/4)
==13894==    by 0x400F74: insert (in /home/112401021/system-files/lab10/src/4/4)
==13894==    by 0x400C85: read (in /home/112401021/system-files/lab10/src/4/4)
==13894==    by 0x401044: main (in /home/112401021/system-files/lab10/src/4/4)
==13894== 
==13894== Use of uninitialised value of size 8
==13894==    at 0x400FBA: insert (in /home/112401021/system-files/lab10/src/4/4)
==13894==    by 0x400C85: read (in /home/112401021/system-files/lab10/src/4/4)
==13894==    by 0x401044: main (in /home/112401021/system-files/lab10/src/4/4)
==13894== 
==13894== Use of uninitialised value of size 8
==13894==    at 0x400FBC: insert (in /home/112401021/system-files/lab10/src/4/4)
==13894==    by 0x400C85: read (in /home/112401021/system-files/lab10/src/4/4)
==13894==    by 0x401044: main (in /home/112401021/system-files/lab10/src/4/4)
==13894== 
==13894== Conditional jump or move depends on uninitialised value(s)
==13894==    at 0x400833: equal (in /home/112401021/system-files/lab10/src/4/4)
==13894==    by 0x4008BE: add (in /home/112401021/system-files/lab10/src/4/4)
==13894==    by 0x401057: main (in /home/112401021/system-files/lab10/src/4/4)
==13894== 
==13894== Conditional jump or move depends on uninitialised value(s)
==13894==    at 0x400A0D: add (in /home/112401021/system-files/lab10/src/4/4)
==13894==    by 0x401057: main (in /home/112401021/system-files/lab10/src/4/4)
==13894== 
==13894== Conditional jump or move depends on uninitialised value(s)
==13894==    at 0x400B3C: add (in /home/112401021/system-files/lab10/src/4/4)
==13894==    by 0x401057: main (in /home/112401021/system-files/lab10/src/4/4)
==13894== 
==13894== Conditional jump or move depends on uninitialised value(s)
==13894==    at 0x400A4B: add (in /home/112401021/system-files/lab10/src/4/4)
==13894==    by 0x401057: main (in /home/112401021/system-files/lab10/src/4/4)
==13894== 
==13894== Conditional jump or move depends on uninitialised value(s)
==13894==    at 0x400A83: add (in /home/112401021/system-files/lab10/src/4/4)
==13894==    by 0x401057: main (in /home/112401021/system-files/lab10/src/4/4)
==13894== 
==13894== Conditional jump or move depends on uninitialised value(s)
==13894==    at 0x400CC3: grow (in /home/112401021/system-files/lab10/src/4/4)
==13894==    by 0x400F16: append (in /home/112401021/system-files/lab10/src/4/4)
==13894==    by 0x400B09: add (in /home/112401021/system-files/lab10/src/4/4)
==13894==    by 0x401057: main (in /home/112401021/system-files/lab10/src/4/4)
==13894== 
==13894== Use of uninitialised value of size 8
==13894==    at 0x400F3D: append (in /home/112401021/system-files/lab10/src/4/4)
==13894==    by 0x400B09: add (in /home/112401021/system-files/lab10/src/4/4)
==13894==    by 0x401057: main (in /home/112401021/system-files/lab10/src/4/4)
==13894== 
==13894== Conditional jump or move depends on uninitialised value(s)
==13894==    at 0x400D00: grow (in /home/112401021/system-files/lab10/src/4/4)
==13894==    by 0x400F16: append (in /home/112401021/system-files/lab10/src/4/4)
==13894==    by 0x400B09: add (in /home/112401021/system-files/lab10/src/4/4)
==13894==    by 0x401057: main (in /home/112401021/system-files/lab10/src/4/4)
==13894== 
==13894== Conditional jump or move depends on uninitialised value(s)
==13894==    at 0x400C0A: print (in /home/112401021/system-files/lab10/src/4/4)
==13894==    by 0x401067: main (in /home/112401021/system-files/lab10/src/4/4)
==13894== 
==13894== Conditional jump or move depends on uninitialised value(s)
==13894==    at 0x400BAA: print (in /home/112401021/system-files/lab10/src/4/4)
==13894==    by 0x401067: main (in /home/112401021/system-files/lab10/src/4/4)
==13894== 
==13894== Use of uninitialised value of size 8
==13894==    at 0x400BC3: print (in /home/112401021/system-files/lab10/src/4/4)
==13894==    by 0x401067: main (in /home/112401021/system-files/lab10/src/4/4)
==13894== 
==13894== Use of uninitialised value of size 8
==13894==    at 0x400BEF: print (in /home/112401021/system-files/lab10/src/4/4)
==13894==    by 0x401067: main (in /home/112401021/system-files/lab10/src/4/4)
==13894== 
5000001003456788657257898244356842
==13894== 
==13894== HEAP SUMMARY:
==13894==     in use at exit: 0 bytes in 0 blocks
==13894==   total heap usage: 17 allocs, 17 frees, 16,564 bytes allocated
==13894== 
==13894== All heap blocks were freed -- no leaks are possible
==13894== 
==13894== Use --track-origins=yes to see where uninitialised values come from
==13894== For lists of detected and suppressed errors, rerun with: -s
==13894== ERROR SUMMARY: 84 errors from 24 contexts (suppressed: 0 from 0)
===================

===================
test11: NO LEAKS
Valgrind output: 
==13899== Memcheck, a memory error detector
==13899== Copyright (C) 2002-2022, and GNU GPL'd, by Julian Seward et al.
==13899== Using Valgrind-3.22.0 and LibVEX; rerun with -h for copyright info
==13899== Command: /home/112401021/system-files/lab10/src/4/4
==13899== 
==13899== Conditional jump or move depends on uninitialised value(s)
==13899==    at 0x400CC3: grow (in /home/112401021/system-files/lab10/src/4/4)
==13899==    by 0x400F74: insert (in /home/112401021/system-files/lab10/src/4/4)
==13899==    by 0x400C85: read (in /home/112401021/system-files/lab10/src/4/4)
==13899==    by 0x40101E: main (in /home/112401021/system-files/lab10/src/4/4)
==13899== 
==13899== Conditional jump or move depends on uninitialised value(s)
==13899==    at 0x400FC8: insert (in /home/112401021/system-files/lab10/src/4/4)
==13899==    by 0x400C85: read (in /home/112401021/system-files/lab10/src/4/4)
==13899==    by 0x40101E: main (in /home/112401021/system-files/lab10/src/4/4)
==13899== 
==13899== Conditional jump or move depends on uninitialised value(s)
==13899==    at 0x400E0D: update (in /home/112401021/system-files/lab10/src/4/4)
==13899==    by 0x400FEE: insert (in /home/112401021/system-files/lab10/src/4/4)
==13899==    by 0x400C85: read (in /home/112401021/system-files/lab10/src/4/4)
==13899==    by 0x40101E: main (in /home/112401021/system-files/lab10/src/4/4)
==13899== 
==13899== Conditional jump or move depends on uninitialised value(s)
==13899==    at 0x400D00: grow (in /home/112401021/system-files/lab10/src/4/4)
==13899==    by 0x400F74: insert (in /home/112401021/system-files/lab10/src/4/4)
==13899==    by 0x400C85: read (in /home/112401021/system-files/lab10/src/4/4)
==13899==    by 0x40101E: main (in /home/112401021/system-files/lab10/src/4/4)
==13899== 
==13899== Use of uninitialised value of size 8
==13899==    at 0x400FBA: insert (in /home/112401021/system-files/lab10/src/4/4)
==13899==    by 0x400C85: read (in /home/112401021/system-files/lab10/src/4/4)
==13899==    by 0x40101E: main (in /home/112401021/system-files/lab10/src/4/4)
==13899== 
==13899== Use of uninitialised value of size 8
==13899==    at 0x400FBC: insert (in /home/112401021/system-files/lab10/src/4/4)
==13899==    by 0x400C85: read (in /home/112401021/system-files/lab10/src/4/4)
==13899==    by 0x40101E: main (in /home/112401021/system-files/lab10/src/4/4)
==13899== 
==13899== Conditional jump or move depends on uninitialised value(s)
==13899==    at 0x400CC3: grow (in /home/112401021/system-files/lab10/src/4/4)
==13899==    by 0x400F74: insert (in /home/112401021/system-files/lab10/src/4/4)
==13899==    by 0x400C85: read (in /home/112401021/system-files/lab10/src/4/4)
==13899==    by 0x401044: main (in /home/112401021/system-files/lab10/src/4/4)
==13899== 
==13899== Conditional jump or move depends on uninitialised value(s)
==13899==    at 0x400FC8: insert (in /home/112401021/system-files/lab10/src/4/4)
==13899==    by 0x400C85: read (in /home/112401021/system-files/lab10/src/4/4)
==13899==    by 0x401044: main (in /home/112401021/system-files/lab10/src/4/4)
==13899== 
==13899== Conditional jump or move depends on uninitialised value(s)
==13899==    at 0x400E0D: update (in /home/112401021/system-files/lab10/src/4/4)
==13899==    by 0x400FEE: insert (in /home/112401021/system-files/lab10/src/4/4)
==13899==    by 0x400C85: read (in /home/112401021/system-files/lab10/src/4/4)
==13899==    by 0x401044: main (in /home/112401021/system-files/lab10/src/4/4)
==13899== 
==13899== Conditional jump or move depends on uninitialised value(s)
==13899==    at 0x400D00: grow (in /home/112401021/system-files/lab10/src/4/4)
==13899==    by 0x400F74: insert (in /home/112401021/system-files/lab10/src/4/4)
==13899==    by 0x400C85: read (in /home/112401021/system-files/lab10/src/4/4)
==13899==    by 0x401044: main (in /home/112401021/system-files/lab10/src/4/4)
==13899== 
==13899== Use of uninitialised value of size 8
==13899==    at 0x400FBA: insert (in /home/112401021/system-files/lab10/src/4/4)
==13899==    by 0x400C85: read (in /home/112401021/system-files/lab10/src/4/4)
==13899==    by 0x401044: main (in /home/112401021/system-files/lab10/src/4/4)
==13899== 
==13899== Use of uninitialised value of size 8
==13899==    at 0x400FBC: insert (in /home/112401021/system-files/lab10/src/4/4)
==13899==    by 0x400C85: read (in /home/112401021/system-files/lab10/src/4/4)
==13899==    by 0x401044: main (in /home/112401021/system-files/lab10/src/4/4)
==13899== 
==13899== Conditional jump or move depends on uninitialised value(s)
==13899==    at 0x400833: equal (in /home/112401021/system-files/lab10/src/4/4)
==13899==    by 0x4008BE: add (in /home/112401021/system-files/lab10/src/4/4)
==13899==    by 0x401057: main (in /home/112401021/system-files/lab10/src/4/4)
==13899== 
==13899== Conditional jump or move depends on uninitialised value(s)
==13899==    at 0x400893: equal (in /home/112401021/system-files/lab10/src/4/4)
==13899==    by 0x4008BE: add (in /home/112401021/system-files/lab10/src/4/4)
==13899==    by 0x401057: main (in /home/112401021/system-files/lab10/src/4/4)
==13899== 
==13899== Conditional jump or move depends on uninitialised value(s)
==13899==    at 0x400A0D: add (in /home/112401021/system-files/lab10/src/4/4)
==13899==    by 0x401057: main (in /home/112401021/system-files/lab10/src/4/4)
==13899== 
==13899== Conditional jump or move depends on uninitialised value(s)
==13899==    at 0x400B3C: add (in /home/112401021/system-files/lab10/src/4/4)
==13899==    by 0x401057: main (in /home/112401021/system-files/lab10/src/4/4)
==13899== 
==13899== Conditional jump or move depends on uninitialised value(s)
==13899==    at 0x400A4B: add (in /home/112401021/system-files/lab10/src/4/4)
==13899==    by 0x401057: main (in /home/112401021/system-files/lab10/src/4/4)
==13899== 
==13899== Conditional jump or move depends on uninitialised value(s)
==13899==    at 0x400A83: add (in /home/112401021/system-files/lab10/src/4/4)
==13899==    by 0x401057: main (in /home/112401021/system-files/lab10/src/4/4)
==13899== 
==13899== Conditional jump or move depends on uninitialised value(s)
==13899==    at 0x400CC3: grow (in /home/112401021/system-files/lab10/src/4/4)
==13899==    by 0x400F16: append (in /home/112401021/system-files/lab10/src/4/4)
==13899==    by 0x400B09: add (in /home/112401021/system-files/lab10/src/4/4)
==13899==    by 0x401057: main (in /home/112401021/system-files/lab10/src/4/4)
==13899== 
==13899== Use of uninitialised value of size 8
==13899==    at 0x400F3D: append (in /home/112401021/system-files/lab10/src/4/4)
==13899==    by 0x400B09: add (in /home/112401021/system-files/lab10/src/4/4)
==13899==    by 0x401057: main (in /home/112401021/system-files/lab10/src/4/4)
==13899== 
==13899== Conditional jump or move depends on uninitialised value(s)
==13899==    at 0x400D00: grow (in /home/112401021/system-files/lab10/src/4/4)
==13899==    by 0x400F16: append (in /home/112401021/system-files/lab10/src/4/4)
==13899==    by 0x400B09: add (in /home/112401021/system-files/lab10/src/4/4)
==13899==    by 0x401057: main (in /home/112401021/system-files/lab10/src/4/4)
==13899== 
==13899== Conditional jump or move depends on uninitialised value(s)
==13899==    at 0x400D00: grow (in /home/112401021/system-files/lab10/src/4/4)
==13899==    by 0x400F16: append (in /home/112401021/system-files/lab10/src/4/4)
==13899==    by 0x400B5B: add (in /home/112401021/system-files/lab10/src/4/4)
==13899==    by 0x401057: main (in /home/112401021/system-files/lab10/src/4/4)
==13899== 
==13899== Use of uninitialised value of size 8
==13899==    at 0x400F3D: append (in /home/112401021/system-files/lab10/src/4/4)
==13899==    by 0x400B5B: add (in /home/112401021/system-files/lab10/src/4/4)
==13899==    by 0x401057: main (in /home/112401021/system-files/lab10/src/4/4)
==13899== 
==13899== Conditional jump or move depends on uninitialised value(s)
==13899==    at 0x400C0A: print (in /home/112401021/system-files/lab10/src/4/4)
==13899==    by 0x401067: main (in /home/112401021/system-files/lab10/src/4/4)
==13899== 
==13899== Conditional jump or move depends on uninitialised value(s)
==13899==    at 0x400BAA: print (in /home/112401021/system-files/lab10/src/4/4)
==13899==    by 0x401067: main (in /home/112401021/system-files/lab10/src/4/4)
==13899== 
==13899== Use of uninitialised value of size 8
==13899==    at 0x400BC3: print (in /home/112401021/system-files/lab10/src/4/4)
==13899==    by 0x401067: main (in /home/112401021/system-files/lab10/src/4/4)
==13899== 
==13899== Use of uninitialised value of size 8
==13899==    at 0x400BEF: print (in /home/112401021/system-files/lab10/src/4/4)
==13899==    by 0x401067: main (in /home/112401021/system-files/lab10/src/4/4)
==13899== 
1999999999111111110222222222
==13899== 
==13899== HEAP SUMMARY:
==13899==     in use at exit: 0 bytes in 0 blocks
==13899==   total heap usage: 17 allocs, 17 frees, 16,564 bytes allocated
==13899== 
==13899== All heap blocks were freed -- no leaks are possible
==13899== 
==13899== Use --track-origins=yes to see where uninitialised values come from
==13899== For lists of detected and suppressed errors, rerun with: -s
==13899== ERROR SUMMARY: 70 errors from 27 contexts (suppressed: 0 from 0)
===================

===================
test6: NO LEAKS
Valgrind output: 
==13904== Memcheck, a memory error detector
==13904== Copyright (C) 2002-2022, and GNU GPL'd, by Julian Seward et al.
==13904== Using Valgrind-3.22.0 and LibVEX; rerun with -h for copyright info
==13904== Command: /home/112401021/system-files/lab10/src/4/4
==13904== 
==13904== Conditional jump or move depends on uninitialised value(s)
==13904==    at 0x400CC3: grow (in /home/112401021/system-files/lab10/src/4/4)
==13904==    by 0x400F74: insert (in /home/112401021/system-files/lab10/src/4/4)
==13904==    by 0x400C85: read (in /home/112401021/system-files/lab10/src/4/4)
==13904==    by 0x40101E: main (in /home/112401021/system-files/lab10/src/4/4)
==13904== 
==13904== Conditional jump or move depends on uninitialised value(s)
==13904==    at 0x400FC8: insert (in /home/112401021/system-files/lab10/src/4/4)
==13904==    by 0x400C85: read (in /home/112401021/system-files/lab10/src/4/4)
==13904==    by 0x40101E: main (in /home/112401021/system-files/lab10/src/4/4)
==13904== 
==13904== Conditional jump or move depends on uninitialised value(s)
==13904==    at 0x400E0D: update (in /home/112401021/system-files/lab10/src/4/4)
==13904==    by 0x400FEE: insert (in /home/112401021/system-files/lab10/src/4/4)
==13904==    by 0x400C85: read (in /home/112401021/system-files/lab10/src/4/4)
==13904==    by 0x40101E: main (in /home/112401021/system-files/lab10/src/4/4)
==13904== 
==13904== Conditional jump or move depends on uninitialised value(s)
==13904==    at 0x400D00: grow (in /home/112401021/system-files/lab10/src/4/4)
==13904==    by 0x400F74: insert (in /home/112401021/system-files/lab10/src/4/4)
==13904==    by 0x400C85: read (in /home/112401021/system-files/lab10/src/4/4)
==13904==    by 0x40101E: main (in /home/112401021/system-files/lab10/src/4/4)
==13904== 
==13904== Use of uninitialised value of size 8
==13904==    at 0x400FBA: insert (in /home/112401021/system-files/lab10/src/4/4)
==13904==    by 0x400C85: read (in /home/112401021/system-files/lab10/src/4/4)
==13904==    by 0x40101E: main (in /home/112401021/system-files/lab10/src/4/4)
==13904== 
==13904== Use of uninitialised value of size 8
==13904==    at 0x400FBC: insert (in /home/112401021/system-files/lab10/src/4/4)
==13904==    by 0x400C85: read (in /home/112401021/system-files/lab10/src/4/4)
==13904==    by 0x40101E: main (in /home/112401021/system-files/lab10/src/4/4)
==13904== 
==13904== Conditional jump or move depends on uninitialised value(s)
==13904==    at 0x400CC3: grow (in /home/112401021/system-files/lab10/src/4/4)
==13904==    by 0x400F74: insert (in /home/112401021/system-files/lab10/src/4/4)
==13904==    by 0x400C85: read (in /home/112401021/system-files/lab10/src/4/4)
==13904==    by 0x401044: main (in /home/112401021/system-files/lab10/src/4/4)
==13904== 
==13904== Conditional jump or move depends on uninitialised value(s)
==13904==    at 0x400FC8: insert (in /home/112401021/system-files/lab10/src/4/4)
==13904==    by 0x400C85: read (in /home/112401021/system-files/lab10/src/4/4)
==13904==    by 0x401044: main (in /home/112401021/system-files/lab10/src/4/4)
==13904== 
==13904== Conditional jump or move depends on uninitialised value(s)
==13904==    at 0x400E0D: update (in /home/112401021/system-files/lab10/src/4/4)
==13904==    by 0x400FEE: insert (in /home/112401021/system-files/lab10/src/4/4)
==13904==    by 0x400C85: read (in /home/112401021/system-files/lab10/src/4/4)
==13904==    by 0x401044: main (in /home/112401021/system-files/lab10/src/4/4)
==13904== 
==13904== Conditional jump or move depends on uninitialised value(s)
==13904==    at 0x400833: equal (in /home/112401021/system-files/lab10/src/4/4)
==13904==    by 0x4008BE: add (in /home/112401021/system-files/lab10/src/4/4)
==13904==    by 0x401057: main (in /home/112401021/system-files/lab10/src/4/4)
==13904== 
==13904== Conditional jump or move depends on uninitialised value(s)
==13904==    at 0x400A0D: add (in /home/112401021/system-files/lab10/src/4/4)
==13904==    by 0x401057: main (in /home/112401021/system-files/lab10/src/4/4)
==13904== 
==13904== Conditional jump or move depends on uninitialised value(s)
==13904==    at 0x400B3C: add (in /home/112401021/system-files/lab10/src/4/4)
==13904==    by 0x401057: main (in /home/112401021/system-files/lab10/src/4/4)
==13904== 
==13904== Conditional jump or move depends on uninitialised value(s)
==13904==    at 0x400A4B: add (in /home/112401021/system-files/lab10/src/4/4)
==13904==    by 0x401057: main (in /home/112401021/system-files/lab10/src/4/4)
==13904== 
==13904== Conditional jump or move depends on uninitialised value(s)
==13904==    at 0x400A83: add (in /home/112401021/system-files/lab10/src/4/4)
==13904==    by 0x401057: main (in /home/112401021/system-files/lab10/src/4/4)
==13904== 
==13904== Conditional jump or move depends on uninitialised value(s)
==13904==    at 0x400CC3: grow (in /home/112401021/system-files/lab10/src/4/4)
==13904==    by 0x400F16: append (in /home/112401021/system-files/lab10/src/4/4)
==13904==    by 0x400B09: add (in /home/112401021/system-files/lab10/src/4/4)
==13904==    by 0x401057: main (in /home/112401021/system-files/lab10/src/4/4)
==13904== 
==13904== Use of uninitialised value of size 8
==13904==    at 0x400F3D: append (in /home/112401021/system-files/lab10/src/4/4)
==13904==    by 0x400B09: add (in /home/112401021/system-files/lab10/src/4/4)
==13904==    by 0x401057: main (in /home/112401021/system-files/lab10/src/4/4)
==13904== 
==13904== Conditional jump or move depends on uninitialised value(s)
==13904==    at 0x400D00: grow (in /home/112401021/system-files/lab10/src/4/4)
==13904==    by 0x400F16: append (in /home/112401021/system-files/lab10/src/4/4)
==13904==    by 0x400B09: add (in /home/112401021/system-files/lab10/src/4/4)
==13904==    by 0x401057: main (in /home/112401021/system-files/lab10/src/4/4)
==13904== 
==13904== Conditional jump or move depends on uninitialised value(s)
==13904==    at 0x400C0A: print (in /home/112401021/system-files/lab10/src/4/4)
==13904==    by 0x401067: main (in /home/112401021/system-files/lab10/src/4/4)
==13904== 
==13904== Conditional jump or move depends on uninitialised value(s)
==13904==    at 0x400BAA: print (in /home/112401021/system-files/lab10/src/4/4)
==13904==    by 0x401067: main (in /home/112401021/system-files/lab10/src/4/4)
==13904== 
==13904== Use of uninitialised value of size 8
==13904==    at 0x400BC3: print (in /home/112401021/system-files/lab10/src/4/4)
==13904==    by 0x401067: main (in /home/112401021/system-files/lab10/src/4/4)
==13904== 
==13904== Use of uninitialised value of size 8
==13904==    at 0x400BEF: print (in /home/112401021/system-files/lab10/src/4/4)
==13904==    by 0x401067: main (in /home/112401021/system-files/lab10/src/4/4)
==13904== 
234567890789086432913568775
==13904== 
==13904== HEAP SUMMARY:
==13904==     in use at exit: 0 bytes in 0 blocks
==13904==   total heap usage: 15 allocs, 15 frees, 16,540 bytes allocated
==13904== 
==13904== All heap blocks were freed -- no leaks are possible
==13904== 
==13904== Use --track-origins=yes to see where uninitialised values come from
==13904== For lists of detected and suppressed errors, rerun with: -s
==13904== ERROR SUMMARY: 49 errors from 21 contexts (suppressed: 0 from 0)
===================

===================
test1: NO LEAKS
Valgrind output: 
==13909== Memcheck, a memory error detector
==13909== Copyright (C) 2002-2022, and GNU GPL'd, by Julian Seward et al.
==13909== Using Valgrind-3.22.0 and LibVEX; rerun with -h for copyright info
==13909== Command: /home/112401021/system-files/lab10/src/4/4
==13909== 
==13909== Conditional jump or move depends on uninitialised value(s)
==13909==    at 0x400CC3: grow (in /home/112401021/system-files/lab10/src/4/4)
==13909==    by 0x400F74: insert (in /home/112401021/system-files/lab10/src/4/4)
==13909==    by 0x400C85: read (in /home/112401021/system-files/lab10/src/4/4)
==13909==    by 0x40101E: main (in /home/112401021/system-files/lab10/src/4/4)
==13909== 
==13909== Conditional jump or move depends on uninitialised value(s)
==13909==    at 0x400FC8: insert (in /home/112401021/system-files/lab10/src/4/4)
==13909==    by 0x400C85: read (in /home/112401021/system-files/lab10/src/4/4)
==13909==    by 0x40101E: main (in /home/112401021/system-files/lab10/src/4/4)
==13909== 
==13909== Conditional jump or move depends on uninitialised value(s)
==13909==    at 0x400E0D: update (in /home/112401021/system-files/lab10/src/4/4)
==13909==    by 0x400FEE: insert (in /home/112401021/system-files/lab10/src/4/4)
==13909==    by 0x400C85: read (in /home/112401021/system-files/lab10/src/4/4)
==13909==    by 0x40101E: main (in /home/112401021/system-files/lab10/src/4/4)
==13909== 
==13909== Conditional jump or move depends on uninitialised value(s)
==13909==    at 0x400D00: grow (in /home/112401021/system-files/lab10/src/4/4)
==13909==    by 0x400F74: insert (in /home/112401021/system-files/lab10/src/4/4)
==13909==    by 0x400C85: read (in /home/112401021/system-files/lab10/src/4/4)
==13909==    by 0x40101E: main (in /home/112401021/system-files/lab10/src/4/4)
==13909== 
==13909== Use of uninitialised value of size 8
==13909==    at 0x400FBA: insert (in /home/112401021/system-files/lab10/src/4/4)
==13909==    by 0x400C85: read (in /home/112401021/system-files/lab10/src/4/4)
==13909==    by 0x40101E: main (in /home/112401021/system-files/lab10/src/4/4)
==13909== 
==13909== Use of uninitialised value of size 8
==13909==    at 0x400FBC: insert (in /home/112401021/system-files/lab10/src/4/4)
==13909==    by 0x400C85: read (in /home/112401021/system-files/lab10/src/4/4)
==13909==    by 0x40101E: main (in /home/112401021/system-files/lab10/src/4/4)
==13909== 
==13909== Conditional jump or move depends on uninitialised value(s)
==13909==    at 0x400CC3: grow (in /home/112401021/system-files/lab10/src/4/4)
==13909==    by 0x400F74: insert (in /home/112401021/system-files/lab10/src/4/4)
==13909==    by 0x400C85: read (in /home/112401021/system-files/lab10/src/4/4)
==13909==    by 0x401044: main (in /home/112401021/system-files/lab10/src/4/4)
==13909== 
==13909== Conditional jump or move depends on uninitialised value(s)
==13909==    at 0x400FC8: insert (in /home/112401021/system-files/lab10/src/4/4)
==13909==    by 0x400C85: read (in /home/112401021/system-files/lab10/src/4/4)
==13909==    by 0x401044: main (in /home/112401021/system-files/lab10/src/4/4)
==13909== 
==13909== Conditional jump or move depends on uninitialised value(s)
==13909==    at 0x400E0D: update (in /home/112401021/system-files/lab10/src/4/4)
==13909==    by 0x400FEE: insert (in /home/112401021/system-files/lab10/src/4/4)
==13909==    by 0x400C85: read (in /home/112401021/system-files/lab10/src/4/4)
==13909==    by 0x401044: main (in /home/112401021/system-files/lab10/src/4/4)
==13909== 
==13909== Conditional jump or move depends on uninitialised value(s)
==13909==    at 0x400D00: grow (in /home/112401021/system-files/lab10/src/4/4)
==13909==    by 0x400F74: insert (in /home/112401021/system-files/lab10/src/4/4)
==13909==    by 0x400C85: read (in /home/112401021/system-files/lab10/src/4/4)
==13909==    by 0x401044: main (in /home/112401021/system-files/lab10/src/4/4)
==13909== 
==13909== Use of uninitialised value of size 8
==13909==    at 0x400FBA: insert (in /home/112401021/system-files/lab10/src/4/4)
==13909==    by 0x400C85: read (in /home/112401021/system-files/lab10/src/4/4)
==13909==    by 0x401044: main (in /home/112401021/system-files/lab10/src/4/4)
==13909== 
==13909== Use of uninitialised value of size 8
==13909==    at 0x400FBC: insert (in /home/112401021/system-files/lab10/src/4/4)
==13909==    by 0x400C85: read (in /home/112401021/system-files/lab10/src/4/4)
==13909==    by 0x401044: main (in /home/112401021/system-files/lab10/src/4/4)
==13909== 
==13909== Conditional jump or move depends on uninitialised value(s)
==13909==    at 0x400833: equal (in /home/112401021/system-files/lab10/src/4/4)
==13909==    by 0x4008BE: add (in /home/112401021/system-files/lab10/src/4/4)
==13909==    by 0x401057: main (in /home/112401021/system-files/lab10/src/4/4)
==13909== 
==13909== Conditional jump or move depends on uninitialised value(s)
==13909==    at 0x400893: equal (in /home/112401021/system-files/lab10/src/4/4)
==13909==    by 0x4008BE: add (in /home/112401021/system-files/lab10/src/4/4)
==13909==    by 0x401057: main (in /home/112401021/system-files/lab10/src/4/4)
==13909== 
==13909== Conditional jump or move depends on uninitialised value(s)
==13909==    at 0x4009B4: add (in /home/112401021/system-files/lab10/src/4/4)
==13909==    by 0x401057: main (in /home/112401021/system-files/lab10/src/4/4)
==13909== 
==13909== Conditional jump or move depends on uninitialised value(s)
==13909==    at 0x400CC3: grow (in /home/112401021/system-files/lab10/src/4/4)
==13909==    by 0x400F16: append (in /home/112401021/system-files/lab10/src/4/4)
==13909==    by 0x400981: add (in /home/112401021/system-files/lab10/src/4/4)
==13909==    by 0x401057: main (in /home/112401021/system-files/lab10/src/4/4)
==13909== 
==13909== Use of uninitialised value of size 8
==13909==    at 0x400F3D: append (in /home/112401021/system-files/lab10/src/4/4)
==13909==    by 0x400981: add (in /home/112401021/system-files/lab10/src/4/4)
==13909==    by 0x401057: main (in /home/112401021/system-files/lab10/src/4/4)
==13909== 
==13909== Conditional jump or move depends on uninitialised value(s)
==13909==    at 0x400D00: grow (in /home/112401021/system-files/lab10/src/4/4)
==13909==    by 0x400F16: append (in /home/112401021/system-files/lab10/src/4/4)
==13909==    by 0x400981: add (in /home/112401021/system-files/lab10/src/4/4)
==13909==    by 0x401057: main (in /home/112401021/system-files/lab10/src/4/4)
==13909== 
==13909== Conditional jump or move depends on uninitialised value(s)
==13909==    at 0x400C0A: print (in /home/112401021/system-files/lab10/src/4/4)
==13909==    by 0x401067: main (in /home/112401021/system-files/lab10/src/4/4)
==13909== 
==13909== Conditional jump or move depends on uninitialised value(s)
==13909==    at 0x400BAA: print (in /home/112401021/system-files/lab10/src/4/4)
==13909==    by 0x401067: main (in /home/112401021/system-files/lab10/src/4/4)
==13909== 
==13909== Use of uninitialised value of size 8
==13909==    at 0x400BC3: print (in /home/112401021/system-files/lab10/src/4/4)
==13909==    by 0x401067: main (in /home/112401021/system-files/lab10/src/4/4)
==13909== 
==13909== Use of uninitialised value of size 8
==13909==    at 0x400BEF: print (in /home/112401021/system-files/lab10/src/4/4)
==13909==    by 0x401067: main (in /home/112401021/system-files/lab10/src/4/4)
==13909== 
2469172018200002000000002
==13909== 
==13909== HEAP SUMMARY:
==13909==     in use at exit: 0 bytes in 0 blocks
==13909==   total heap usage: 17 allocs, 17 frees, 16,564 bytes allocated
==13909== 
==13909== All heap blocks were freed -- no leaks are possible
==13909== 
==13909== Use --track-origins=yes to see where uninitialised values come from
==13909== For lists of detected and suppressed errors, rerun with: -s
==13909== ERROR SUMMARY: 61 errors from 22 contexts (suppressed: 0 from 0)
===================

===================
test10: NO LEAKS
Valgrind output: 
==13914== Memcheck, a memory error detector
==13914== Copyright (C) 2002-2022, and GNU GPL'd, by Julian Seward et al.
==13914== Using Valgrind-3.22.0 and LibVEX; rerun with -h for copyright info
==13914== Command: /home/112401021/system-files/lab10/src/4/4
==13914== 
==13914== Conditional jump or move depends on uninitialised value(s)
==13914==    at 0x400CC3: grow (in /home/112401021/system-files/lab10/src/4/4)
==13914==    by 0x400F74: insert (in /home/112401021/system-files/lab10/src/4/4)
==13914==    by 0x400C85: read (in /home/112401021/system-files/lab10/src/4/4)
==13914==    by 0x40101E: main (in /home/112401021/system-files/lab10/src/4/4)
==13914== 
==13914== Conditional jump or move depends on uninitialised value(s)
==13914==    at 0x400FC8: insert (in /home/112401021/system-files/lab10/src/4/4)
==13914==    by 0x400C85: read (in /home/112401021/system-files/lab10/src/4/4)
==13914==    by 0x40101E: main (in /home/112401021/system-files/lab10/src/4/4)
==13914== 
==13914== Conditional jump or move depends on uninitialised value(s)
==13914==    at 0x400E0D: update (in /home/112401021/system-files/lab10/src/4/4)
==13914==    by 0x400FEE: insert (in /home/112401021/system-files/lab10/src/4/4)
==13914==    by 0x400C85: read (in /home/112401021/system-files/lab10/src/4/4)
==13914==    by 0x40101E: main (in /home/112401021/system-files/lab10/src/4/4)
==13914== 
==13914== Conditional jump or move depends on uninitialised value(s)
==13914==    at 0x400D00: grow (in /home/112401021/system-files/lab10/src/4/4)
==13914==    by 0x400F74: insert (in /home/112401021/system-files/lab10/src/4/4)
==13914==    by 0x400C85: read (in /home/112401021/system-files/lab10/src/4/4)
==13914==    by 0x40101E: main (in /home/112401021/system-files/lab10/src/4/4)
==13914== 
==13914== Use of uninitialised value of size 8
==13914==    at 0x400FBA: insert (in /home/112401021/system-files/lab10/src/4/4)
==13914==    by 0x400C85: read (in /home/112401021/system-files/lab10/src/4/4)
==13914==    by 0x40101E: main (in /home/112401021/system-files/lab10/src/4/4)
==13914== 
==13914== Use of uninitialised value of size 8
==13914==    at 0x400FBC: insert (in /home/112401021/system-files/lab10/src/4/4)
==13914==    by 0x400C85: read (in /home/112401021/system-files/lab10/src/4/4)
==13914==    by 0x40101E: main (in /home/112401021/system-files/lab10/src/4/4)
==13914== 
==13914== Conditional jump or move depends on uninitialised value(s)
==13914==    at 0x400CC3: grow (in /home/112401021/system-files/lab10/src/4/4)
==13914==    by 0x400F74: insert (in /home/112401021/system-files/lab10/src/4/4)
==13914==    by 0x400C85: read (in /home/112401021/system-files/lab10/src/4/4)
==13914==    by 0x401044: main (in /home/112401021/system-files/lab10/src/4/4)
==13914== 
==13914== Conditional jump or move depends on uninitialised value(s)
==13914==    at 0x400FC8: insert (in /home/112401021/system-files/lab10/src/4/4)
==13914==    by 0x400C85: read (in /home/112401021/system-files/lab10/src/4/4)
==13914==    by 0x401044: main (in /home/112401021/system-files/lab10/src/4/4)
==13914== 
==13914== Conditional jump or move depends on uninitialised value(s)
==13914==    at 0x400E0D: update (in /home/112401021/system-files/lab10/src/4/4)
==13914==    by 0x400FEE: insert (in /home/112401021/system-files/lab10/src/4/4)
==13914==    by 0x400C85: read (in /home/112401021/system-files/lab10/src/4/4)
==13914==    by 0x401044: main (in /home/112401021/system-files/lab10/src/4/4)
==13914== 
==13914== Conditional jump or move depends on uninitialised value(s)
==13914==    at 0x400D00: grow (in /home/112401021/system-files/lab10/src/4/4)
==13914==    by 0x400F74: insert (in /home/112401021/system-files/lab10/src/4/4)
==13914==    by 0x400C85: read (in /home/112401021/system-files/lab10/src/4/4)
==13914==    by 0x401044: main (in /home/112401021/system-files/lab10/src/4/4)
==13914== 
==13914== Use of uninitialised value of size 8
==13914==    at 0x400FBA: insert (in /home/112401021/system-files/lab10/src/4/4)
==13914==    by 0x400C85: read (in /home/112401021/system-files/lab10/src/4/4)
==13914==    by 0x401044: main (in /home/112401021/system-files/lab10/src/4/4)
==13914== 
==13914== Use of uninitialised value of size 8
==13914==    at 0x400FBC: insert (in /home/112401021/system-files/lab10/src/4/4)
==13914==    by 0x400C85: read (in /home/112401021/system-files/lab10/src/4/4)
==13914==    by 0x401044: main (in /home/112401021/system-files/lab10/src/4/4)
==13914== 
==13914== Conditional jump or move depends on uninitialised value(s)
==13914==    at 0x400833: equal (in /home/112401021/system-files/lab10/src/4/4)
==13914==    by 0x4008BE: add (in /home/112401021/system-files/lab10/src/4/4)
==13914==    by 0x401057: main (in /home/112401021/system-files/lab10/src/4/4)
==13914== 
==13914== Conditional jump or move depends on uninitialised value(s)
==13914==    at 0x400893: equal (in /home/112401021/system-files/lab10/src/4/4)
==13914==    by 0x4008BE: add (in /home/112401021/system-files/lab10/src/4/4)
==13914==    by 0x401057: main (in /home/112401021/system-files/lab10/src/4/4)
==13914== 
==13914== Conditional jump or move depends on uninitialised value(s)
==13914==    at 0x400A0D: add (in /home/112401021/system-files/lab10/src/4/4)
==13914==    by 0x401057: main (in /home/112401021/system-files/lab10/src/4/4)
==13914== 
==13914== Conditional jump or move depends on uninitialised value(s)
==13914==    at 0x400B3C: add (in /home/112401021/system-files/lab10/src/4/4)
==13914==    by 0x401057: main (in /home/112401021/system-files/lab10/src/4/4)
==13914== 
==13914== Conditional jump or move depends on uninitialised value(s)
==13914==    at 0x400A4B: add (in /home/112401021/system-files/lab10/src/4/4)
==13914==    by 0x401057: main (in /home/112401021/system-files/lab10/src/4/4)
==13914== 
==13914== Conditional jump or move depends on uninitialised value(s)
==13914==    at 0x400A83: add (in /home/112401021/system-files/lab10/src/4/4)
==13914==    by 0x401057: main (in /home/112401021/system-files/lab10/src/4/4)
==13914== 
==13914== Conditional jump or move depends on uninitialised value(s)
==13914==    at 0x400CC3: grow (in /home/112401021/system-files/lab10/src/4/4)
==13914==    by 0x400F16: append (in /home/112401021/system-files/lab10/src/4/4)
==13914==    by 0x400B09: add (in /home/112401021/system-files/lab10/src/4/4)
==13914==    by 0x401057: main (in /home/112401021/system-files/lab10/src/4/4)
==13914== 
==13914== Use of uninitialised value of size 8
==13914==    at 0x400F3D: append (in /home/112401021/system-files/lab10/src/4/4)
==13914==    by 0x400B09: add (in /home/112401021/system-files/lab10/src/4/4)
==13914==    by 0x401057: main (in /home/112401021/system-files/lab10/src/4/4)
==13914== 
==13914== Conditional jump or move depends on uninitialised value(s)
==13914==    at 0x400D00: grow (in /home/112401021/system-files/lab10/src/4/4)
==13914==    by 0x400F16: append (in /home/112401021/system-files/lab10/src/4/4)
==13914==    by 0x400B09: add (in /home/112401021/system-files/lab10/src/4/4)
==13914==    by 0x401057: main (in /home/112401021/system-files/lab10/src/4/4)
==13914== 
==13914== Conditional jump or move depends on uninitialised value(s)
==13914==    at 0x400D00: grow (in /home/112401021/system-files/lab10/src/4/4)
==13914==    by 0x400F16: append (in /home/112401021/system-files/lab10/src/4/4)
==13914==    by 0x400B5B: add (in /home/112401021/system-files/lab10/src/4/4)
==13914==    by 0x401057: main (in /home/112401021/system-files/lab10/src/4/4)
==13914== 
==13914== Use of uninitialised value of size 8
==13914==    at 0x400F3D: append (in /home/112401021/system-files/lab10/src/4/4)
==13914==    by 0x400B5B: add (in /home/112401021/system-files/lab10/src/4/4)
==13914==    by 0x401057: main (in /home/112401021/system-files/lab10/src/4/4)
==13914== 
==13914== Conditional jump or move depends on uninitialised value(s)
==13914==    at 0x400C0A: print (in /home/112401021/system-files/lab10/src/4/4)
==13914==    by 0x401067: main (in /home/112401021/system-files/lab10/src/4/4)
==13914== 
==13914== Conditional jump or move depends on uninitialised value(s)
==13914==    at 0x400BAA: print (in /home/112401021/system-files/lab10/src/4/4)
==13914==    by 0x401067: main (in /home/112401021/system-files/lab10/src/4/4)
==13914== 
==13914== Use of uninitialised value of size 8
==13914==    at 0x400BC3: print (in /home/112401021/system-files/lab10/src/4/4)
==13914==    by 0x401067: main (in /home/112401021/system-files/lab10/src/4/4)
==13914== 
==13914== Use of uninitialised value of size 8
==13914==    at 0x400BEF: print (in /home/112401021/system-files/lab10/src/4/4)
==13914==    by 0x401067: main (in /home/112401021/system-files/lab10/src/4/4)
==13914== 
1111111111111111111111111110
==13914== 
==13914== HEAP SUMMARY:
==13914==     in use at exit: 0 bytes in 0 blocks
==13914==   total heap usage: 17 allocs, 17 frees, 16,564 bytes allocated
==13914== 
==13914== All heap blocks were freed -- no leaks are possible
==13914== 
==13914== Use --track-origins=yes to see where uninitialised values come from
==13914== For lists of detected and suppressed errors, rerun with: -s
==13914== ERROR SUMMARY: 70 errors from 27 contexts (suppressed: 0 from 0)
===================

===================
test4: NO LEAKS
Valgrind output: 
==13919== Memcheck, a memory error detector
==13919== Copyright (C) 2002-2022, and GNU GPL'd, by Julian Seward et al.
==13919== Using Valgrind-3.22.0 and LibVEX; rerun with -h for copyright info
==13919== Command: /home/112401021/system-files/lab10/src/4/4
==13919== 
==13919== Conditional jump or move depends on uninitialised value(s)
==13919==    at 0x400CC3: grow (in /home/112401021/system-files/lab10/src/4/4)
==13919==    by 0x400F74: insert (in /home/112401021/system-files/lab10/src/4/4)
==13919==    by 0x400C85: read (in /home/112401021/system-files/lab10/src/4/4)
==13919==    by 0x40101E: main (in /home/112401021/system-files/lab10/src/4/4)
==13919== 
==13919== Conditional jump or move depends on uninitialised value(s)
==13919==    at 0x400FC8: insert (in /home/112401021/system-files/lab10/src/4/4)
==13919==    by 0x400C85: read (in /home/112401021/system-files/lab10/src/4/4)
==13919==    by 0x40101E: main (in /home/112401021/system-files/lab10/src/4/4)
==13919== 
==13919== Conditional jump or move depends on uninitialised value(s)
==13919==    at 0x400E0D: update (in /home/112401021/system-files/lab10/src/4/4)
==13919==    by 0x400FEE: insert (in /home/112401021/system-files/lab10/src/4/4)
==13919==    by 0x400C85: read (in /home/112401021/system-files/lab10/src/4/4)
==13919==    by 0x40101E: main (in /home/112401021/system-files/lab10/src/4/4)
==13919== 
==13919== Conditional jump or move depends on uninitialised value(s)
==13919==    at 0x400D00: grow (in /home/112401021/system-files/lab10/src/4/4)
==13919==    by 0x400F74: insert (in /home/112401021/system-files/lab10/src/4/4)
==13919==    by 0x400C85: read (in /home/112401021/system-files/lab10/src/4/4)
==13919==    by 0x40101E: main (in /home/112401021/system-files/lab10/src/4/4)
==13919== 
==13919== Use of uninitialised value of size 8
==13919==    at 0x400FBA: insert (in /home/112401021/system-files/lab10/src/4/4)
==13919==    by 0x400C85: read (in /home/112401021/system-files/lab10/src/4/4)
==13919==    by 0x40101E: main (in /home/112401021/system-files/lab10/src/4/4)
==13919== 
==13919== Use of uninitialised value of size 8
==13919==    at 0x400FBC: insert (in /home/112401021/system-files/lab10/src/4/4)
==13919==    by 0x400C85: read (in /home/112401021/system-files/lab10/src/4/4)
==13919==    by 0x40101E: main (in /home/112401021/system-files/lab10/src/4/4)
==13919== 
==13919== Conditional jump or move depends on uninitialised value(s)
==13919==    at 0x400CC3: grow (in /home/112401021/system-files/lab10/src/4/4)
==13919==    by 0x400F74: insert (in /home/112401021/system-files/lab10/src/4/4)
==13919==    by 0x400C85: read (in /home/112401021/system-files/lab10/src/4/4)
==13919==    by 0x401044: main (in /home/112401021/system-files/lab10/src/4/4)
==13919== 
==13919== Conditional jump or move depends on uninitialised value(s)
==13919==    at 0x400FC8: insert (in /home/112401021/system-files/lab10/src/4/4)
==13919==    by 0x400C85: read (in /home/112401021/system-files/lab10/src/4/4)
==13919==    by 0x401044: main (in /home/112401021/system-files/lab10/src/4/4)
==13919== 
==13919== Conditional jump or move depends on uninitialised value(s)
==13919==    at 0x400E0D: update (in /home/112401021/system-files/lab10/src/4/4)
==13919==    by 0x400FEE: insert (in /home/112401021/system-files/lab10/src/4/4)
==13919==    by 0x400C85: read (in /home/112401021/system-files/lab10/src/4/4)
==13919==    by 0x401044: main (in /home/112401021/system-files/lab10/src/4/4)
==13919== 
==13919== Conditional jump or move depends on uninitialised value(s)
==13919==    at 0x400D00: grow (in /home/112401021/system-files/lab10/src/4/4)
==13919==    by 0x400F74: insert (in /home/112401021/system-files/lab10/src/4/4)
==13919==    by 0x400C85: read (in /home/112401021/system-files/lab10/src/4/4)
==13919==    by 0x401044: main (in /home/112401021/system-files/lab10/src/4/4)
==13919== 
==13919== Use of uninitialised value of size 8
==13919==    at 0x400FBA: insert (in /home/112401021/system-files/lab10/src/4/4)
==13919==    by 0x400C85: read (in /home/112401021/system-files/lab10/src/4/4)
==13919==    by 0x401044: main (in /home/112401021/system-files/lab10/src/4/4)
==13919== 
==13919== Use of uninitialised value of size 8
==13919==    at 0x400FBC: insert (in /home/112401021/system-files/lab10/src/4/4)
==13919==    by 0x400C85: read (in /home/112401021/system-files/lab10/src/4/4)
==13919==    by 0x401044: main (in /home/112401021/system-files/lab10/src/4/4)
==13919== 
==13919== Conditional jump or move depends on uninitialised value(s)
==13919==    at 0x400833: equal (in /home/112401021/system-files/lab10/src/4/4)
==13919==    by 0x4008BE: add (in /home/112401021/system-files/lab10/src/4/4)
==13919==    by 0x401057: main (in /home/112401021/system-files/lab10/src/4/4)
==13919== 
==13919== Conditional jump or move depends on uninitialised value(s)
==13919==    at 0x400893: equal (in /home/112401021/system-files/lab10/src/4/4)
==13919==    by 0x4008BE: add (in /home/112401021/system-files/lab10/src/4/4)
==13919==    by 0x401057: main (in /home/112401021/system-files/lab10/src/4/4)
==13919== 
==13919== Conditional jump or move depends on uninitialised value(s)
==13919==    at 0x400A0D: add (in /home/112401021/system-files/lab10/src/4/4)
==13919==    by 0x401057: main (in /home/112401021/system-files/lab10/src/4/4)
==13919== 
==13919== Conditional jump or move depends on uninitialised value(s)
==13919==    at 0x400B3C: add (in /home/112401021/system-files/lab10/src/4/4)
==13919==    by 0x401057: main (in /home/112401021/system-files/lab10/src/4/4)
==13919== 
==13919== Conditional jump or move depends on uninitialised value(s)
==13919==    at 0x400A4B: add (in /home/112401021/system-files/lab10/src/4/4)
==13919==    by 0x401057: main (in /home/112401021/system-files/lab10/src/4/4)
==13919== 
==13919== Conditional jump or move depends on uninitialised value(s)
==13919==    at 0x400A83: add (in /home/112401021/system-files/lab10/src/4/4)
==13919==    by 0x401057: main (in /home/112401021/system-files/lab10/src/4/4)
==13919== 
==13919== Conditional jump or move depends on uninitialised value(s)
==13919==    at 0x400CC3: grow (in /home/112401021/system-files/lab10/src/4/4)
==13919==    by 0x400F16: append (in /home/112401021/system-files/lab10/src/4/4)
==13919==    by 0x400B09: add (in /home/112401021/system-files/lab10/src/4/4)
==13919==    by 0x401057: main (in /home/112401021/system-files/lab10/src/4/4)
==13919== 
==13919== Use of uninitialised value of size 8
==13919==    at 0x400F3D: append (in /home/112401021/system-files/lab10/src/4/4)
==13919==    by 0x400B09: add (in /home/112401021/system-files/lab10/src/4/4)
==13919==    by 0x401057: main (in /home/112401021/system-files/lab10/src/4/4)
==13919== 
==13919== Conditional jump or move depends on uninitialised value(s)
==13919==    at 0x400D00: grow (in /home/112401021/system-files/lab10/src/4/4)
==13919==    by 0x400F16: append (in /home/112401021/system-files/lab10/src/4/4)
==13919==    by 0x400B09: add (in /home/112401021/system-files/lab10/src/4/4)
==13919==    by 0x401057: main (in /home/112401021/system-files/lab10/src/4/4)
==13919== 
==13919== Conditional jump or move depends on uninitialised value(s)
==13919==    at 0x400C0A: print (in /home/112401021/system-files/lab10/src/4/4)
==13919==    by 0x401067: main (in /home/112401021/system-files/lab10/src/4/4)
==13919== 
==13919== Conditional jump or move depends on uninitialised value(s)
==13919==    at 0x400BAA: print (in /home/112401021/system-files/lab10/src/4/4)
==13919==    by 0x401067: main (in /home/112401021/system-files/lab10/src/4/4)
==13919== 
==13919== Use of uninitialised value of size 8
==13919==    at 0x400BC3: print (in /home/112401021/system-files/lab10/src/4/4)
==13919==    by 0x401067: main (in /home/112401021/system-files/lab10/src/4/4)
==13919== 
==13919== Use of uninitialised value of size 8
==13919==    at 0x400BEF: print (in /home/112401021/system-files/lab10/src/4/4)
==13919==    by 0x401067: main (in /home/112401021/system-files/lab10/src/4/4)
==13919== 
101234586110100901100000001100000000100000000099999999
==13919== 
==13919== HEAP SUMMARY:
==13919==     in use at exit: 0 bytes in 0 blocks
==13919==   total heap usage: 20 allocs, 20 frees, 16,660 bytes allocated
==13919== 
==13919== All heap blocks were freed -- no leaks are possible
==13919== 
==13919== Use --track-origins=yes to see where uninitialised values come from
==13919== For lists of detected and suppressed errors, rerun with: -s
==13919== ERROR SUMMARY: 179 errors from 25 contexts (suppressed: 0 from 0)
===================

===================
test3: NO LEAKS
Valgrind output: 
==13924== Memcheck, a memory error detector
==13924== Copyright (C) 2002-2022, and GNU GPL'd, by Julian Seward et al.
==13924== Using Valgrind-3.22.0 and LibVEX; rerun with -h for copyright info
==13924== Command: /home/112401021/system-files/lab10/src/4/4
==13924== 
==13924== Conditional jump or move depends on uninitialised value(s)
==13924==    at 0x400CC3: grow (in /home/112401021/system-files/lab10/src/4/4)
==13924==    by 0x400F74: insert (in /home/112401021/system-files/lab10/src/4/4)
==13924==    by 0x400C85: read (in /home/112401021/system-files/lab10/src/4/4)
==13924==    by 0x40101E: main (in /home/112401021/system-files/lab10/src/4/4)
==13924== 
==13924== Conditional jump or move depends on uninitialised value(s)
==13924==    at 0x400FC8: insert (in /home/112401021/system-files/lab10/src/4/4)
==13924==    by 0x400C85: read (in /home/112401021/system-files/lab10/src/4/4)
==13924==    by 0x40101E: main (in /home/112401021/system-files/lab10/src/4/4)
==13924== 
==13924== Conditional jump or move depends on uninitialised value(s)
==13924==    at 0x400E0D: update (in /home/112401021/system-files/lab10/src/4/4)
==13924==    by 0x400FEE: insert (in /home/112401021/system-files/lab10/src/4/4)
==13924==    by 0x400C85: read (in /home/112401021/system-files/lab10/src/4/4)
==13924==    by 0x40101E: main (in /home/112401021/system-files/lab10/src/4/4)
==13924== 
==13924== Conditional jump or move depends on uninitialised value(s)
==13924==    at 0x400D00: grow (in /home/112401021/system-files/lab10/src/4/4)
==13924==    by 0x400F74: insert (in /home/112401021/system-files/lab10/src/4/4)
==13924==    by 0x400C85: read (in /home/112401021/system-files/lab10/src/4/4)
==13924==    by 0x40101E: main (in /home/112401021/system-files/lab10/src/4/4)
==13924== 
==13924== Use of uninitialised value of size 8
==13924==    at 0x400FBA: insert (in /home/112401021/system-files/lab10/src/4/4)
==13924==    by 0x400C85: read (in /home/112401021/system-files/lab10/src/4/4)
==13924==    by 0x40101E: main (in /home/112401021/system-files/lab10/src/4/4)
==13924== 
==13924== Use of uninitialised value of size 8
==13924==    at 0x400FBC: insert (in /home/112401021/system-files/lab10/src/4/4)
==13924==    by 0x400C85: read (in /home/112401021/system-files/lab10/src/4/4)
==13924==    by 0x40101E: main (in /home/112401021/system-files/lab10/src/4/4)
==13924== 
==13924== Conditional jump or move depends on uninitialised value(s)
==13924==    at 0x400CC3: grow (in /home/112401021/system-files/lab10/src/4/4)
==13924==    by 0x400F74: insert (in /home/112401021/system-files/lab10/src/4/4)
==13924==    by 0x400C85: read (in /home/112401021/system-files/lab10/src/4/4)
==13924==    by 0x401044: main (in /home/112401021/system-files/lab10/src/4/4)
==13924== 
==13924== Conditional jump or move depends on uninitialised value(s)
==13924==    at 0x400FC8: insert (in /home/112401021/system-files/lab10/src/4/4)
==13924==    by 0x400C85: read (in /home/112401021/system-files/lab10/src/4/4)
==13924==    by 0x401044: main (in /home/112401021/system-files/lab10/src/4/4)
==13924== 
==13924== Conditional jump or move depends on uninitialised value(s)
==13924==    at 0x400E0D: update (in /home/112401021/system-files/lab10/src/4/4)
==13924==    by 0x400FEE: insert (in /home/112401021/system-files/lab10/src/4/4)
==13924==    by 0x400C85: read (in /home/112401021/system-files/lab10/src/4/4)
==13924==    by 0x401044: main (in /home/112401021/system-files/lab10/src/4/4)
==13924== 
==13924== Conditional jump or move depends on uninitialised value(s)
==13924==    at 0x400D00: grow (in /home/112401021/system-files/lab10/src/4/4)
==13924==    by 0x400F74: insert (in /home/112401021/system-files/lab10/src/4/4)
==13924==    by 0x400C85: read (in /home/112401021/system-files/lab10/src/4/4)
==13924==    by 0x401044: main (in /home/112401021/system-files/lab10/src/4/4)
==13924== 
==13924== Use of uninitialised value of size 8
==13924==    at 0x400FBA: insert (in /home/112401021/system-files/lab10/src/4/4)
==13924==    by 0x400C85: read (in /home/112401021/system-files/lab10/src/4/4)
==13924==    by 0x401044: main (in /home/112401021/system-files/lab10/src/4/4)
==13924== 
==13924== Use of uninitialised value of size 8
==13924==    at 0x400FBC: insert (in /home/112401021/system-files/lab10/src/4/4)
==13924==    by 0x400C85: read (in /home/112401021/system-files/lab10/src/4/4)
==13924==    by 0x401044: main (in /home/112401021/system-files/lab10/src/4/4)
==13924== 
==13924== Conditional jump or move depends on uninitialised value(s)
==13924==    at 0x400833: equal (in /home/112401021/system-files/lab10/src/4/4)
==13924==    by 0x4008BE: add (in /home/112401021/system-files/lab10/src/4/4)
==13924==    by 0x401057: main (in /home/112401021/system-files/lab10/src/4/4)
==13924== 
==13924== Conditional jump or move depends on uninitialised value(s)
==13924==    at 0x400893: equal (in /home/112401021/system-files/lab10/src/4/4)
==13924==    by 0x4008BE: add (in /home/112401021/system-files/lab10/src/4/4)
==13924==    by 0x401057: main (in /home/112401021/system-files/lab10/src/4/4)
==13924== 
==13924== Conditional jump or move depends on uninitialised value(s)
==13924==    at 0x400A0D: add (in /home/112401021/system-files/lab10/src/4/4)
==13924==    by 0x401057: main (in /home/112401021/system-files/lab10/src/4/4)
==13924== 
==13924== Conditional jump or move depends on uninitialised value(s)
==13924==    at 0x400B3C: add (in /home/112401021/system-files/lab10/src/4/4)
==13924==    by 0x401057: main (in /home/112401021/system-files/lab10/src/4/4)
==13924== 
==13924== Conditional jump or move depends on uninitialised value(s)
==13924==    at 0x400A4B: add (in /home/112401021/system-files/lab10/src/4/4)
==13924==    by 0x401057: main (in /home/112401021/system-files/lab10/src/4/4)
==13924== 
==13924== Conditional jump or move depends on uninitialised value(s)
==13924==    at 0x400A83: add (in /home/112401021/system-files/lab10/src/4/4)
==13924==    by 0x401057: main (in /home/112401021/system-files/lab10/src/4/4)
==13924== 
==13924== Conditional jump or move depends on uninitialised value(s)
==13924==    at 0x400CC3: grow (in /home/112401021/system-files/lab10/src/4/4)
==13924==    by 0x400F16: append (in /home/112401021/system-files/lab10/src/4/4)
==13924==    by 0x400B09: add (in /home/112401021/system-files/lab10/src/4/4)
==13924==    by 0x401057: main (in /home/112401021/system-files/lab10/src/4/4)
==13924== 
==13924== Use of uninitialised value of size 8
==13924==    at 0x400F3D: append (in /home/112401021/system-files/lab10/src/4/4)
==13924==    by 0x400B09: add (in /home/112401021/system-files/lab10/src/4/4)
==13924==    by 0x401057: main (in /home/112401021/system-files/lab10/src/4/4)
==13924== 
==13924== Conditional jump or move depends on uninitialised value(s)
==13924==    at 0x400D00: grow (in /home/112401021/system-files/lab10/src/4/4)
==13924==    by 0x400F16: append (in /home/112401021/system-files/lab10/src/4/4)
==13924==    by 0x400B09: add (in /home/112401021/system-files/lab10/src/4/4)
==13924==    by 0x401057: main (in /home/112401021/system-files/lab10/src/4/4)
==13924== 
==13924== Conditional jump or move depends on uninitialised value(s)
==13924==    at 0x400D00: grow (in /home/112401021/system-files/lab10/src/4/4)
==13924==    by 0x400F16: append (in /home/112401021/system-files/lab10/src/4/4)
==13924==    by 0x400B5B: add (in /home/112401021/system-files/lab10/src/4/4)
==13924==    by 0x401057: main (in /home/112401021/system-files/lab10/src/4/4)
==13924== 
==13924== Use of uninitialised value of size 8
==13924==    at 0x400F3D: append (in /home/112401021/system-files/lab10/src/4/4)
==13924==    by 0x400B5B: add (in /home/112401021/system-files/lab10/src/4/4)
==13924==    by 0x401057: main (in /home/112401021/system-files/lab10/src/4/4)
==13924== 
==13924== Conditional jump or move depends on uninitialised value(s)
==13924==    at 0x400C0A: print (in /home/112401021/system-files/lab10/src/4/4)
==13924==    by 0x401067: main (in /home/112401021/system-files/lab10/src/4/4)
==13924== 
==13924== Conditional jump or move depends on uninitialised value(s)
==13924==    at 0x400BAA: print (in /home/112401021/system-files/lab10/src/4/4)
==13924==    by 0x401067: main (in /home/112401021/system-files/lab10/src/4/4)
==13924== 
==13924== Use of uninitialised value of size 8
==13924==    at 0x400BC3: print (in /home/112401021/system-files/lab10/src/4/4)
==13924==    by 0x401067: main (in /home/112401021/system-files/lab10/src/4/4)
==13924== 
==13924== Use of uninitialised value of size 8
==13924==    at 0x400BEF: print (in /home/112401021/system-files/lab10/src/4/4)
==13924==    by 0x401067: main (in /home/112401021/system-files/lab10/src/4/4)
==13924== 
1100000000099999999
==13924== 
==13924== HEAP SUMMARY:
==13924==     in use at exit: 0 bytes in 0 blocks
==13924==   total heap usage: 15 allocs, 15 frees, 16,532 bytes allocated
==13924== 
==13924== All heap blocks were freed -- no leaks are possible
==13924== 
==13924== Use --track-origins=yes to see where uninitialised values come from
==13924== For lists of detected and suppressed errors, rerun with: -s
==13924== ERROR SUMMARY: 44 errors from 27 contexts (suppressed: 0 from 0)
===================

++++++++++++++++++++++
TESTS_WITH_NO_LEAK: 11
TESTS_SHOWING_LEAK: 0
++++++++++++++++++++++

