===================
test4: NO LEAKS
Valgrind output: 
==26671== Memcheck, a memory error detector
==26671== Copyright (C) 2002-2024, and GNU GPL'd, by Julian Seward et al.
==26671== Using Valgrind-3.25.1 and LibVEX; rerun with -h for copyright info
==26671== Command: /home/mavp309/systemgit/system-files/lab10/src/2/2
==26671== 
19
14
==26671== 
==26671== HEAP SUMMARY:
==26671==     in use at exit: 0 bytes in 0 blocks
==26671==   total heap usage: 2 allocs, 2 frees, 8,192 bytes allocated
==26671== 
==26671== All heap blocks were freed -- no leaks are possible
==26671== 
==26671== For lists of detected and suppressed errors, rerun with: -s
==26671== ERROR SUMMARY: 0 errors from 0 contexts (suppressed: 0 from 0)
===================

===================
test6: NO LEAKS
Valgrind output: 
==26682== Memcheck, a memory error detector
==26682== Copyright (C) 2002-2024, and GNU GPL'd, by Julian Seward et al.
==26682== Using Valgrind-3.25.1 and LibVEX; rerun with -h for copyright info
==26682== Command: /home/mavp309/systemgit/system-files/lab10/src/2/2
==26682== 
10
10
5
==26682== 
==26682== HEAP SUMMARY:
==26682==     in use at exit: 0 bytes in 0 blocks
==26682==   total heap usage: 2 allocs, 2 frees, 8,192 bytes allocated
==26682== 
==26682== All heap blocks were freed -- no leaks are possible
==26682== 
==26682== For lists of detected and suppressed errors, rerun with: -s
==26682== ERROR SUMMARY: 0 errors from 0 contexts (suppressed: 0 from 0)
===================

===================
test5: NO LEAKS
Valgrind output: 
==26692== Memcheck, a memory error detector
==26692== Copyright (C) 2002-2024, and GNU GPL'd, by Julian Seward et al.
==26692== Using Valgrind-3.25.1 and LibVEX; rerun with -h for copyright info
==26692== Command: /home/mavp309/systemgit/system-files/lab10/src/2/2
==26692== 
12
Stack empty
Stack empty
12
==26692== 
==26692== HEAP SUMMARY:
==26692==     in use at exit: 0 bytes in 0 blocks
==26692==   total heap usage: 2 allocs, 2 frees, 8,192 bytes allocated
==26692== 
==26692== All heap blocks were freed -- no leaks are possible
==26692== 
==26692== For lists of detected and suppressed errors, rerun with: -s
==26692== ERROR SUMMARY: 0 errors from 0 contexts (suppressed: 0 from 0)
===================

===================
test10: NO LEAKS
Valgrind output: 
==26702== Memcheck, a memory error detector
==26702== Copyright (C) 2002-2024, and GNU GPL'd, by Julian Seward et al.
==26702== Using Valgrind-3.25.1 and LibVEX; rerun with -h for copyright info
==26702== Command: /home/mavp309/systemgit/system-files/lab10/src/2/2
==26702== 
1000
1000
Stack empty
Stack empty
90
==26702== 
==26702== HEAP SUMMARY:
==26702==     in use at exit: 0 bytes in 0 blocks
==26702==   total heap usage: 2 allocs, 2 frees, 8,192 bytes allocated
==26702== 
==26702== All heap blocks were freed -- no leaks are possible
==26702== 
==26702== For lists of detected and suppressed errors, rerun with: -s
==26702== ERROR SUMMARY: 0 errors from 0 contexts (suppressed: 0 from 0)
===================

===================
test8: NO LEAKS
Valgrind output: 
==26712== Memcheck, a memory error detector
==26712== Copyright (C) 2002-2024, and GNU GPL'd, by Julian Seward et al.
==26712== Using Valgrind-3.25.1 and LibVEX; rerun with -h for copyright info
==26712== Command: /home/mavp309/systemgit/system-files/lab10/src/2/2
==26712== 
Stack empty
30
Stack empty
Stack empty
==26712== 
==26712== HEAP SUMMARY:
==26712==     in use at exit: 0 bytes in 0 blocks
==26712==   total heap usage: 2 allocs, 2 frees, 8,192 bytes allocated
==26712== 
==26712== All heap blocks were freed -- no leaks are possible
==26712== 
==26712== For lists of detected and suppressed errors, rerun with: -s
==26712== ERROR SUMMARY: 0 errors from 0 contexts (suppressed: 0 from 0)
===================

===================
test2: NO LEAKS
Valgrind output: 
==26722== Memcheck, a memory error detector
==26722== Copyright (C) 2002-2024, and GNU GPL'd, by Julian Seward et al.
==26722== Using Valgrind-3.25.1 and LibVEX; rerun with -h for copyright info
==26722== Command: /home/mavp309/systemgit/system-files/lab10/src/2/2
==26722== 
13
12
==26722== 
==26722== HEAP SUMMARY:
==26722==     in use at exit: 0 bytes in 0 blocks
==26722==   total heap usage: 2 allocs, 2 frees, 8,192 bytes allocated
==26722== 
==26722== All heap blocks were freed -- no leaks are possible
==26722== 
==26722== For lists of detected and suppressed errors, rerun with: -s
==26722== ERROR SUMMARY: 0 errors from 0 contexts (suppressed: 0 from 0)
===================

===================
test7: NO LEAKS
Valgrind output: 
==26732== Memcheck, a memory error detector
==26732== Copyright (C) 2002-2024, and GNU GPL'd, by Julian Seward et al.
==26732== Using Valgrind-3.25.1 and LibVEX; rerun with -h for copyright info
==26732== Command: /home/mavp309/systemgit/system-files/lab10/src/2/2
==26732== 
25
15
15
20
==26732== 
==26732== HEAP SUMMARY:
==26732==     in use at exit: 0 bytes in 0 blocks
==26732==   total heap usage: 2 allocs, 2 frees, 8,192 bytes allocated
==26732== 
==26732== All heap blocks were freed -- no leaks are possible
==26732== 
==26732== For lists of detected and suppressed errors, rerun with: -s
==26732== ERROR SUMMARY: 0 errors from 0 contexts (suppressed: 0 from 0)
===================

===================
test9: NO LEAKS
Valgrind output: 
==26742== Memcheck, a memory error detector
==26742== Copyright (C) 2002-2024, and GNU GPL'd, by Julian Seward et al.
==26742== Using Valgrind-3.25.1 and LibVEX; rerun with -h for copyright info
==26742== Command: /home/mavp309/systemgit/system-files/lab10/src/2/2
==26742== 
9
100
100
==26742== 
==26742== HEAP SUMMARY:
==26742==     in use at exit: 0 bytes in 0 blocks
==26742==   total heap usage: 2 allocs, 2 frees, 8,192 bytes allocated
==26742== 
==26742== All heap blocks were freed -- no leaks are possible
==26742== 
==26742== For lists of detected and suppressed errors, rerun with: -s
==26742== ERROR SUMMARY: 0 errors from 0 contexts (suppressed: 0 from 0)
===================

===================
test1: NO LEAKS
Valgrind output: 
==26752== Memcheck, a memory error detector
==26752== Copyright (C) 2002-2024, and GNU GPL'd, by Julian Seward et al.
==26752== Using Valgrind-3.25.1 and LibVEX; rerun with -h for copyright info
==26752== Command: /home/mavp309/systemgit/system-files/lab10/src/2/2
==26752== 
12
==26752== 
==26752== HEAP SUMMARY:
==26752==     in use at exit: 0 bytes in 0 blocks
==26752==   total heap usage: 2 allocs, 2 frees, 8,192 bytes allocated
==26752== 
==26752== All heap blocks were freed -- no leaks are possible
==26752== 
==26752== For lists of detected and suppressed errors, rerun with: -s
==26752== ERROR SUMMARY: 0 errors from 0 contexts (suppressed: 0 from 0)
===================

===================
test3: NO LEAKS
Valgrind output: 
==26762== Memcheck, a memory error detector
==26762== Copyright (C) 2002-2024, and GNU GPL'd, by Julian Seward et al.
==26762== Using Valgrind-3.25.1 and LibVEX; rerun with -h for copyright info
==26762== Command: /home/mavp309/systemgit/system-files/lab10/src/2/2
==26762== 
19
14
==26762== 
==26762== HEAP SUMMARY:
==26762==     in use at exit: 0 bytes in 0 blocks
==26762==   total heap usage: 2 allocs, 2 frees, 8,192 bytes allocated
==26762== 
==26762== All heap blocks were freed -- no leaks are possible
==26762== 
==26762== For lists of detected and suppressed errors, rerun with: -s
==26762== ERROR SUMMARY: 0 errors from 0 contexts (suppressed: 0 from 0)
===================

++++++++++++++++++++++
TESTS_WITH_NO_LEAK: 10
TESTS_SHOWING_LEAK: 0
++++++++++++++++++++++

