===================
test2: NO LEAKS
Valgrind output: 
==12587== Memcheck, a memory error detector
==12587== Copyright (C) 2002-2022, and GNU GPL'd, by Julian Seward et al.
==12587== Using Valgrind-3.22.0 and LibVEX; rerun with -h for copyright info
==12587== Command: /home/112401021/cs2013_112401021/labe2/src/4/4
==12587== 
==12587== Invalid write of size 4
==12587==    at 0x400D78: scalarmult (in /home/112401021/cs2013_112401021/labe2/src/4/4)
==12587==    by 0x400990: main (in /home/112401021/cs2013_112401021/labe2/src/4/4)
==12587==  Address 0x5225174 is 0 bytes after a block of size 4 alloc'd
==12587==    at 0x4C39185: malloc (vg_replace_malloc.c:442)
==12587==    by 0x400D39: scalarmult (in /home/112401021/cs2013_112401021/labe2/src/4/4)
==12587==    by 0x400990: main (in /home/112401021/cs2013_112401021/labe2/src/4/4)
==12587== 
==12587== Invalid read of size 4
==12587==    at 0x400DBD: print (in /home/112401021/cs2013_112401021/labe2/src/4/4)
==12587==    by 0x4009A7: main (in /home/112401021/cs2013_112401021/labe2/src/4/4)
==12587==  Address 0x5225174 is 0 bytes after a block of size 4 alloc'd
==12587==    at 0x4C39185: malloc (vg_replace_malloc.c:442)
==12587==    by 0x400D39: scalarmult (in /home/112401021/cs2013_112401021/labe2/src/4/4)
==12587==    by 0x400990: main (in /home/112401021/cs2013_112401021/labe2/src/4/4)
==12587== 
22 24 26 28 
==12587== 
==12587== HEAP SUMMARY:
==12587==     in use at exit: 0 bytes in 0 blocks
==12587==   total heap usage: 6 allocs, 6 frees, 16,436 bytes allocated
==12587== 
==12587== All heap blocks were freed -- no leaks are possible
==12587== 
==12587== For lists of detected and suppressed errors, rerun with: -s
==12587== ERROR SUMMARY: 6 errors from 2 contexts (suppressed: 0 from 0)
===================

===================
test1: NO LEAKS
Valgrind output: 
==12592== Memcheck, a memory error detector
==12592== Copyright (C) 2002-2022, and GNU GPL'd, by Julian Seward et al.
==12592== Using Valgrind-3.22.0 and LibVEX; rerun with -h for copyright info
==12592== Command: /home/112401021/cs2013_112401021/labe2/src/4/4
==12592== 
92 94 96 
==12592== 
==12592== HEAP SUMMARY:
==12592==     in use at exit: 0 bytes in 0 blocks
==12592==   total heap usage: 8 allocs, 8 frees, 16,468 bytes allocated
==12592== 
==12592== All heap blocks were freed -- no leaks are possible
==12592== 
==12592== For lists of detected and suppressed errors, rerun with: -s
==12592== ERROR SUMMARY: 0 errors from 0 contexts (suppressed: 0 from 0)
===================

===================
test3: NO LEAKS
Valgrind output: 
==12599== Memcheck, a memory error detector
==12599== Copyright (C) 2002-2022, and GNU GPL'd, by Julian Seward et al.
==12599== Using Valgrind-3.22.0 and LibVEX; rerun with -h for copyright info
==12599== Command: /home/112401021/cs2013_112401021/labe2/src/4/4
==12599== 
==12599== Invalid write of size 4
==12599==    at 0x400D78: scalarmult (in /home/112401021/cs2013_112401021/labe2/src/4/4)
==12599==    by 0x400990: main (in /home/112401021/cs2013_112401021/labe2/src/4/4)
==12599==  Address 0x5227434 is 0 bytes after a block of size 4 alloc'd
==12599==    at 0x4C39185: malloc (vg_replace_malloc.c:442)
==12599==    by 0x400D39: scalarmult (in /home/112401021/cs2013_112401021/labe2/src/4/4)
==12599==    by 0x400990: main (in /home/112401021/cs2013_112401021/labe2/src/4/4)
==12599== 
==12599== Invalid read of size 4
==12599==    at 0x400DBD: print (in /home/112401021/cs2013_112401021/labe2/src/4/4)
==12599==    by 0x4009A7: main (in /home/112401021/cs2013_112401021/labe2/src/4/4)
==12599==  Address 0x5227434 is 0 bytes after a block of size 4 alloc'd
==12599==    at 0x4C39185: malloc (vg_replace_malloc.c:442)
==12599==    by 0x400D39: scalarmult (in /home/112401021/cs2013_112401021/labe2/src/4/4)
==12599==    by 0x400990: main (in /home/112401021/cs2013_112401021/labe2/src/4/4)
==12599== 
200
Invalid operation. Dimension mismatch
1000 500 
==12599== 
==12599== HEAP SUMMARY:
==12599==     in use at exit: 0 bytes in 0 blocks
==12599==   total heap usage: 14 allocs, 14 frees, 16,536 bytes allocated
==12599== 
==12599== All heap blocks were freed -- no leaks are possible
==12599== 
==12599== For lists of detected and suppressed errors, rerun with: -s
==12599== ERROR SUMMARY: 2 errors from 2 contexts (suppressed: 0 from 0)
===================

++++++++++++++++++++++
TESTS_WITH_NO_LEAK: 3
TESTS_SHOWING_LEAK: 0
++++++++++++++++++++++

