===================
test12: PASSED
Given input
0.0 0.0 10.0 20.0
Got output: 
10.0000 5.0000
===================

===================
test5: PASSED
Given input
-0.199 -4.5336 1.41 33.33
Got output: 
16.4660 -3.8286
===================

===================
test9: PASSED
Given input
-2.34 -0.88 3.7 4.9
Got output: 
0.1100 0.9700
===================

===================
test7: PASSED
Given input
-3.14 -1.73 4.0 8.2
Got output: 
0.9600 0.2700
===================

===================
test14: PASSED
Given input
3.14 2.72 0.00 0.00
Got output: 
3.1400 2.7200
===================

===================
test2: PASSED
Given input
-7.891 -2.3224 0.51 6.11
Got output: 
-4.8360 -2.0674
===================

===================
test8: PASSED
Given input
-9.01 -5.67 2.3 6.4
Got output: 
-5.8100 -4.5200
===================

===================
test13: PASSED
Given input
-5.5 4.5 2.5 3.5
Got output: 
-3.7500 5.7500
===================

===================
test11: PASSED
Given input
5.00 5.00 0.00 0.00
Got output: 
5.0000 5.0000
===================

===================
test6: PASSED
Given input
-6.78 -2.22 0.8 5.5
Got output: 
-4.0300 -1.8200
===================

===================
test1: PASSED
Given input
-1.23 -0.99 2.5 3.8
Got output: 
0.6700 0.2600
===================

===================
test10: PASSED
Given input
2.00 3.00 8.00 10.00
Got output: 
7.0000 7.0000
===================

===================
test4: PASSED
Given input
8.12 -3.45 2.0 7.6
Got output: 
11.9200 -2.4500
===================

===================
test3: PASSED
Given input
-4.56 -1.11 3.3 5.0
Got output: 
-2.0600 0.5400
===================


+++++++++++++++++++
TESTS_PASSED: 14
TESTS_FAILED: 0
+++++++++++++++++++

