===================
test5: PASSED
Given input
6.66666 -4.44444
1.23456 7.89012
Got output: 
Sum: 7.9012+3.4457j
Difference: 5.4321+-12.3346j
Product: 43.2976+47.1138j
Division: -0.4208+-0.9108j
===================

===================
test9: PASSED
Given input
7.7777 -8.8888
-3.3333 4.4444
Got output: 
Sum: 4.4444+-4.4444j
Difference: 11.1110+-13.3332j
Product: 13.5800+64.1962j
Division: -2.1200+-0.1600j
===================

===================
test7: PASSED
Given input
-1.7321 -0.5774
1.4142 1.4142
Got output: 
Sum: -0.3179+0.8368j
Difference: -3.1463+-1.9916j
Product: -1.6330+-3.2661j
Division: -0.8165+0.4083j
===================

===================
test2: PASSED
Given input
4.66920 -2.71828
-3.14159 6.28318
Got output: 
Sum: 1.5276+3.5649j
Difference: 7.8108+-9.0015j
Product: 2.4107+37.8771j
Division: -0.6434+-0.4215j
===================

===================
test8: PASSED
Given input
3.33333 4.44444
-5.55555 -6.66666
Got output: 
Sum: -2.2222+-2.2222j
Difference: 8.8889+11.1111j
Product: 11.1111+-46.9135j
Division: -0.6393+-0.0328j
===================

===================
test6: PASSED
Given input
1.4142 2.2361
0.7071 -1.6180
Got output: 
Sum: 2.1213+0.6181j
Difference: 0.7071+3.8541j
Product: 4.6180+-0.7070j
Division: -0.8397+1.2410j
===================

===================
test1: PASSED
Given input
2.71828 3.14159
-0.57721 1.61803
Got output: 
Sum: 2.1411+4.7596j
Difference: 3.2955+1.5236j
Product: -6.6522+2.5849j
Division: 1.1908+-2.1048j
===================

===================
test10: PASSED
Given input
0.1234 0.5678
9.8765 -4.3210
Got output: 
Sum: 9.9999+-3.7532j
Difference: -9.7531+4.8888j
Product: 3.6722+5.0747j
Division: -0.0106+0.0528j
===================

===================
test4: PASSED
Given input
0.00001 0.99999
-7.77777 2.22222
Got output: 
Sum: -7.7778+3.2222j
Difference: 7.7778+-1.2222j
Product: -2.2223+-7.7777j
Division: 0.0340+-0.1189j
===================

===================
test3: PASSED
Given input
5.55555 -1.11111
-8.88888 9.99999
Got output: 
Sum: -3.3333+8.8889j
Difference: 14.4444+-11.1111j
Product: -38.2715+65.4320j
Division: -0.3379+-0.2552j
===================


+++++++++++++++++++
TESTS_PASSED: 10
TESTS_FAILED: 0
+++++++++++++++++++

